2023-07-12 15:21:01,750 [ERROR] LogOutputStream:75 - [STDERR_REDIRECT] [Fatal Error] :1:1: Premature end of file.
2023-07-12 15:21:01,766 [ERROR] LogOutputStream:75 - [STDERR_REDIRECT] 
2023-07-12 15:21:01,851 [ERROR] LogOutputStream:75 - [STDERR_REDIRECT] [Fatal Error] :1:1: Premature end of file.
2023-07-12 15:21:01,851 [ERROR] LogOutputStream:75 - [STDERR_REDIRECT] 
2023-07-12 15:21:01,920 [ERROR] LogOutputStream:75 - [STDERR_REDIRECT] [Fatal Error] :1:1: Premature end of file.
2023-07-12 15:21:01,920 [ERROR] LogOutputStream:75 - [STDERR_REDIRECT] 
2023-07-12 15:21:02,352 [ERROR] LogOutputStream:75 - [STDERR_REDIRECT] [Fatal Error] :1:1: Premature end of file.
2023-07-12 15:21:02,352 [ERROR] LogOutputStream:75 - [STDERR_REDIRECT] 
2023-07-12 15:21:03,313 [ERROR] LogOutputStream:75 - [STDERR_REDIRECT] [Fatal Error] :1:1: Premature end of file.
2023-07-12 15:21:03,313 [ERROR] LogOutputStream:75 - [STDERR_REDIRECT] 
2023-07-12 15:21:04,319 [ERROR] LogOutputStream:75 - [STDERR_REDIRECT] [Fatal Error] :1:1: Premature end of file.
2023-07-12 15:21:04,319 [ERROR] LogOutputStream:75 - [STDERR_REDIRECT] 
2023-07-12 15:21:05,306 [ERROR] LogOutputStream:75 - [STDERR_REDIRECT] [Fatal Error] :1:1: Premature end of file.
2023-07-12 15:21:05,306 [ERROR] LogOutputStream:75 - [STDERR_REDIRECT] 
2023-07-12 15:21:06,293 [ERROR] LogOutputStream:75 - [STDERR_REDIRECT] [Fatal Error] :1:1: Premature end of file.
2023-07-12 15:21:06,293 [ERROR] LogOutputStream:75 - [STDERR_REDIRECT] 
2023-07-12 15:21:07,291 [ERROR] LogOutputStream:75 - [STDERR_REDIRECT] [Fatal Error] :1:1: Premature end of file.
2023-07-12 15:21:07,291 [ERROR] LogOutputStream:75 - [STDERR_REDIRECT] 
2023-07-12 15:21:08,294 [ERROR] LogOutputStream:75 - [STDERR_REDIRECT] [Fatal Error] :1:1: Premature end of file.
2023-07-12 15:21:08,294 [ERROR] LogOutputStream:75 - [STDERR_REDIRECT] 
2023-07-12 15:21:09,301 [ERROR] LogOutputStream:75 - [STDERR_REDIRECT] [Fatal Error] :1:1: Premature end of file.
2023-07-12 15:21:09,301 [ERROR] LogOutputStream:75 - [STDERR_REDIRECT] 
2023-07-12 15:21:10,319 [ERROR] LogOutputStream:75 - [STDERR_REDIRECT] [Fatal Error] :1:1: Premature end of file.
2023-07-12 15:21:10,319 [ERROR] LogOutputStream:75 - [STDERR_REDIRECT] 
2023-07-12 15:21:11,301 [ERROR] LogOutputStream:75 - [STDERR_REDIRECT] [Fatal Error] :1:1: Premature end of file.
2023-07-12 15:21:11,301 [ERROR] LogOutputStream:75 - [STDERR_REDIRECT] 
2023-07-12 15:29:05,638 [INFO] Activator:176 - 


2023-07-12 15:29:05,641 [INFO] Activator:177 - !SESSION log4j initialized
2023-07-12 15:29:13,063 [INFO] LogOutputStream:77 - [STDOUT_REDIRECT] 
2023-07-12 15:29:35,852 [ERROR] LogOutputStream:75 - [STDERR_REDIRECT] SLF4J: Failed to load class "org.slf4j.impl.StaticLoggerBinder".
2023-07-12 15:29:35,853 [ERROR] LogOutputStream:75 - [STDERR_REDIRECT] SLF4J: Defaulting to no-operation (NOP) logger implementation
2023-07-12 15:29:35,855 [ERROR] LogOutputStream:75 - [STDERR_REDIRECT] SLF4J: See http://www.slf4j.org/codes.html#StaticLoggerBinder for further details.
