2023-07-14 17:00:33,194 [INFO] Activator:176 - 


2023-07-14 17:00:33,203 [INFO] Activator:177 - !SESSION log4j initialized
2023-07-14 17:00:43,281 [INFO] LogOutputStream:77 - [STDOUT_REDIRECT] 
2023-07-14 17:00:50,199 [INFO] ApplicationProperties:184 - Using Application install path: C:\ST\STM32CubeIDE_1.12.1\STM32CubeIDE\plugins\com.st.stm32cube.common.mx_6.9.0.202307051724
2023-07-14 17:00:50,229 [INFO] DbMcusXml:78 - Set database path to: C:\ST\STM32CubeIDE_1.12.1\STM32CubeIDE\plugins\com.st.stm32cube.common.mx_6.9.0.202307051724\\db\/mcu/
2023-07-14 17:00:50,233 [INFO] ApiDb:274 - Set plugin database path to: C:\ST\STM32CubeIDE_1.12.1\STM32CubeIDE\plugins\com.st.stm32cube.common.mx_6.9.0.202307051724\\db\/plugins/boardmanager/
2023-07-14 17:00:50,234 [WARN] ApiDb:259 - Overriding images path with different value:  => C:\ST\STM32CubeIDE_1.12.1\STM32CubeIDE\plugins\com.st.stm32cube.common.mx_6.9.0.202307051724\\db\/plugins/mcufinder/images/
2023-07-14 17:00:56,485 [INFO] ApiDb:250 - Set database path to: C:\Users\cristian.tirziu\.stmcufinder\plugins\mcufinder//mcu/
2023-07-14 17:00:56,488 [INFO] DbMcusAds:125 - Set database path to: C:\Users\cristian.tirziu\.stmcufinder\plugins\mcufinder//mcu/
2023-07-14 17:00:56,498 [INFO] CrossReferenceDbSqlite:203 - Set database path to: C:\Users\cristian.tirziu\.stmcufinder\plugins\mcufinder//mcu/cs/
2023-07-14 17:00:56,737 [INFO] RulesReader:64 - Compatibility file has been processed (293 Rules)
2023-07-14 17:00:56,904 [INFO] DbMcusXml:78 - Set database path to: C:\ST\STM32CubeIDE_1.12.1\STM32CubeIDE\plugins\com.st.stm32cube.common.mx_6.9.0.202307051724\\db\/mcu/
2023-07-14 17:00:56,905 [INFO] ApiDb:274 - Set plugin database path to: C:\ST\STM32CubeIDE_1.12.1\STM32CubeIDE\plugins\com.st.stm32cube.common.mx_6.9.0.202307051724\\db\/plugins/boardmanager/
2023-07-14 17:00:56,905 [INFO] ApiDb:261 - Set plugin images path to: C:\ST\STM32CubeIDE_1.12.1\STM32CubeIDE\plugins\com.st.stm32cube.common.mx_6.9.0.202307051724\\db\/plugins/mcufinder/images/
2023-07-14 17:00:56,905 [WARN] DbFile:41 - Overriding database path with different value: C:\Users\cristian.tirziu\.stmcufinder\plugins\mcufinder/ => C:\Users\cristian.tirziu\.stmcufinder\plugins\mcufinder
2023-07-14 17:00:56,906 [INFO] ApiDb:250 - Set database path to: C:\Users\cristian.tirziu\.stmcufinder\plugins\mcufinder//mcu/
2023-07-14 17:00:56,906 [WARN] DbFile:41 - Overriding database path with different value: C:\Users\cristian.tirziu\.stmcufinder\plugins\mcufinder/ => C:\Users\cristian.tirziu\.stmcufinder\plugins\mcufinder
2023-07-14 17:00:56,906 [INFO] DbMcusAds:125 - Set database path to: C:\Users\cristian.tirziu\.stmcufinder\plugins\mcufinder//mcu/
2023-07-14 17:00:56,906 [WARN] DbFile:41 - Overriding database path with different value: C:\Users\cristian.tirziu\.stmcufinder\plugins\mcufinder/ => C:\Users\cristian.tirziu\.stmcufinder\plugins\mcufinder
2023-07-14 17:00:56,906 [WARN] DbFile:41 - Overriding database path with different value: C:\Users\cristian.tirziu\.stmcufinder\plugins\mcufinder/ => C:\Users\cristian.tirziu\.stmcufinder\plugins\mcufinder
2023-07-14 17:00:56,907 [INFO] CrossReferenceDbSqlite:203 - Set database path to: C:\Users\cristian.tirziu\.stmcufinder\plugins\mcufinder//mcu/cs/
2023-07-14 17:00:57,056 [INFO] MainPanel:262 - HeapMemory: 499122176
2023-07-14 17:00:57,174 [INFO] DbMcusXml:78 - Set database path to: C:\ST\STM32CubeIDE_1.12.1\STM32CubeIDE\plugins\com.st.stm32cube.common.mx_6.9.0.202307051724\\db\/mcu/
2023-07-14 17:00:57,174 [INFO] ApiDb:274 - Set plugin database path to: C:\ST\STM32CubeIDE_1.12.1\STM32CubeIDE\plugins\com.st.stm32cube.common.mx_6.9.0.202307051724\\db\/plugins/boardmanager/
2023-07-14 17:00:57,174 [INFO] ApiDb:261 - Set plugin images path to: C:\ST\STM32CubeIDE_1.12.1\STM32CubeIDE\plugins\com.st.stm32cube.common.mx_6.9.0.202307051724\\db\/plugins/mcufinder/images/
2023-07-14 17:00:57,175 [WARN] DbFile:41 - Overriding database path with different value: C:\Users\cristian.tirziu\.stmcufinder\plugins\mcufinder/ => C:\Users\cristian.tirziu\.stmcufinder\plugins\mcufinder
2023-07-14 17:00:57,175 [INFO] ApiDb:250 - Set database path to: C:\Users\cristian.tirziu\.stmcufinder\plugins\mcufinder//mcu/
2023-07-14 17:00:57,175 [WARN] DbFile:41 - Overriding database path with different value: C:\Users\cristian.tirziu\.stmcufinder\plugins\mcufinder/ => C:\Users\cristian.tirziu\.stmcufinder\plugins\mcufinder
2023-07-14 17:00:57,176 [INFO] DbMcusAds:125 - Set database path to: C:\Users\cristian.tirziu\.stmcufinder\plugins\mcufinder//mcu/
2023-07-14 17:00:57,176 [WARN] DbFile:41 - Overriding database path with different value: C:\Users\cristian.tirziu\.stmcufinder\plugins\mcufinder/ => C:\Users\cristian.tirziu\.stmcufinder\plugins\mcufinder
2023-07-14 17:00:57,176 [WARN] DbFile:41 - Overriding database path with different value: C:\Users\cristian.tirziu\.stmcufinder\plugins\mcufinder/ => C:\Users\cristian.tirziu\.stmcufinder\plugins\mcufinder
2023-07-14 17:00:57,176 [INFO] CrossReferenceDbSqlite:203 - Set database path to: C:\Users\cristian.tirziu\.stmcufinder\plugins\mcufinder//mcu/cs/
2023-07-14 17:00:57,209 [INFO] ApplicationProperties:184 - Using Application install path: C:\ST\STM32CubeIDE_1.12.1\STM32CubeIDE\plugins\com.st.stm32cube.common.mx_6.9.0.202307051724
2023-07-14 17:00:57,212 [INFO] PluginManage:196 - Search for loadable plugins [exclusion list=, ]
2023-07-14 17:00:57,215 [INFO] PluginManage:310 - Check plugin analytics
2023-07-14 17:00:57,435 [INFO] AnalyticsPlugin:253 - Accepted Software Licenses: 
2023-07-14 17:00:57,435 [INFO] AnalyticsPlugin:255 - Accepted CMSIS Pack Licenses: 
2023-07-14 17:00:57,436 [INFO] AnalyticsPlugin:257 - Accepted Firmware Licenses: 
2023-07-14 17:00:57,440 [INFO] PluginManage:359 - Loaded plugin analytics (category:tool,tabindex:-1)
2023-07-14 17:00:57,440 [INFO] PluginManage:310 - Check plugin cadmodel
2023-07-14 17:00:57,446 [INFO] CADModel:105 - Init CAD model plugin
2023-07-14 17:00:57,447 [INFO] PluginManage:359 - Loaded plugin cadmodel (category:power,tabindex:5)
2023-07-14 17:00:57,447 [INFO] PluginManage:310 - Check plugin clock
2023-07-14 17:00:57,460 [INFO] PluginManage:359 - Loaded plugin clock (category:base,tabindex:2)
2023-07-14 17:00:57,460 [INFO] PluginManage:310 - Check plugin ddr
2023-07-14 17:00:57,463 [INFO] PluginManage:359 - Loaded plugin ddr (category:tool,tabindex:6)
2023-07-14 17:00:57,463 [INFO] PluginManage:310 - Check plugin filemanager
2023-07-14 17:00:57,683 [INFO] PluginManage:359 - Loaded plugin filemanager (category:base,tabindex:10)
2023-07-14 17:00:57,684 [INFO] PluginManage:310 - Check plugin ipmanager
2023-07-14 17:00:57,700 [INFO] PluginManage:359 - Loaded plugin ipmanager (category:base,tabindex:5)
2023-07-14 17:00:57,700 [INFO] PluginManage:310 - Check plugin lpbam
2023-07-14 17:00:57,714 [INFO] PluginManage:359 - Loaded plugin lpbam (category:base,tabindex:0)
2023-07-14 17:00:57,715 [INFO] PluginManage:310 - Check plugin memorymap
2023-07-14 17:00:57,739 [INFO] PluginManage:359 - Loaded plugin memorymap (category:base,tabindex:4)
2023-07-14 17:00:57,739 [INFO] PluginManage:310 - Check plugin pinoutandconfiguration
2023-07-14 17:00:57,769 [INFO] PluginManage:359 - Loaded plugin pinoutandconfiguration (category:base,tabindex:1)
2023-07-14 17:00:57,769 [INFO] PluginManage:310 - Check plugin pinoutconfig
2023-07-14 17:00:57,908 [WARN] SupportedApi:132 - Cannot load RTOS API schema: s4s-elt-must-match.1: The content of 'definitions' must match (annotation?, (simpleType | complexType)?, (unique | key | keyref)*)). A problem was found starting at: attribute.
2023-07-14 17:00:58,101 [INFO] PluginManage:359 - Loaded plugin pinoutconfig (category:base,tabindex:0)
2023-07-14 17:00:58,102 [INFO] PluginManage:310 - Check plugin power
2023-07-14 17:00:58,113 [INFO] PluginManage:359 - Loaded plugin power (category:power,tabindex:4)
2023-07-14 17:00:58,113 [INFO] PluginManage:310 - Check plugin projectmanager
2023-07-14 17:00:58,139 [INFO] PluginManage:359 - Loaded plugin projectmanager (category:projectmanager,tabindex:3)
2023-07-14 17:00:58,139 [INFO] PluginManage:310 - Check plugin thirdparty
2023-07-14 17:00:58,330 [INFO] PluginManage:359 - Loaded plugin thirdparty (category:base,tabindex:-1)
2023-07-14 17:00:58,330 [WARN] IntegrityCheckThread:84 - waiting for thirdparty lock release [integrity check]
2023-07-14 17:00:58,330 [INFO] PluginManage:310 - Check plugin tools
2023-07-14 17:00:58,330 [INFO] IntegrityCheckThread:86 - entering critical section [integrity check]
2023-07-14 17:00:58,332 [INFO] ThirdPartyUpdaterWithRetryManager:70 - Updater plugin not ready yet. [1/15]
2023-07-14 17:00:58,334 [INFO] PluginManage:359 - Loaded plugin tools (category:base,tabindex:7)
2023-07-14 17:00:58,335 [INFO] PluginManage:310 - Check plugin tutovideos
2023-07-14 17:00:58,558 [INFO] PluginManage:359 - Loaded plugin tutovideos (category:base,tabindex:-1)
2023-07-14 17:00:58,558 [INFO] PluginManage:310 - Check plugin updater
2023-07-14 17:00:58,569 [INFO] PluginManage:359 - Loaded plugin updater (category:base,tabindex:12)
2023-07-14 17:00:58,570 [INFO] PluginManage:310 - Check plugin userauth
2023-07-14 17:00:58,575 [INFO] UserAuth:113 - Init User Auth plugin
2023-07-14 17:00:58,575 [INFO] PluginManage:359 - Loaded plugin userauth (category:base,tabindex:14)
2023-07-14 17:00:58,576 [INFO] PluginManage:283 - PluginManage : Loaded plugins [17]
2023-07-14 17:00:58,850 [INFO] PinOutPanel:1499 - setPackage(No Configuration,No Configuration)
2023-07-14 17:00:59,019 [INFO] CADModel:165 - CPN selected for project level
2023-07-14 17:00:59,019 [INFO] CADModel:114 - Register for checkConnection events
2023-07-14 17:00:59,035 [INFO] IPUIPlugin:80 - create IPUIPlugin
2023-07-14 17:00:59,035 [INFO] PluginManager:220 - loadIPPluginJar : add adc
2023-07-14 17:00:59,038 [INFO] IPUIPlugin:80 - create IPUIPlugin
2023-07-14 17:00:59,039 [INFO] PluginManager:220 - loadIPPluginJar : add aes
2023-07-14 17:00:59,042 [INFO] IPUIPlugin:80 - create IPUIPlugin
2023-07-14 17:00:59,042 [INFO] PluginManager:220 - loadIPPluginJar : add can
2023-07-14 17:00:59,044 [INFO] IPUIPlugin:80 - create IPUIPlugin
2023-07-14 17:00:59,044 [INFO] PluginManager:220 - loadIPPluginJar : add comp
2023-07-14 17:00:59,047 [INFO] IPUIPlugin:80 - create IPUIPlugin
2023-07-14 17:00:59,047 [INFO] PluginManager:220 - loadIPPluginJar : add cryp
2023-07-14 17:00:59,050 [INFO] IPUIPlugin:80 - create IPUIPlugin
2023-07-14 17:00:59,051 [INFO] PluginManager:220 - loadIPPluginJar : add dfsdm
2023-07-14 17:00:59,056 [INFO] IPUIPlugin:80 - create IPUIPlugin
2023-07-14 17:00:59,057 [INFO] PluginManager:220 - loadIPPluginJar : add dma
2023-07-14 17:00:59,060 [INFO] IPUIPlugin:80 - create IPUIPlugin
2023-07-14 17:00:59,060 [INFO] PluginManager:220 - loadIPPluginJar : add dma3
2023-07-14 17:00:59,062 [INFO] IPUIPlugin:80 - create IPUIPlugin
2023-07-14 17:00:59,062 [INFO] PluginManager:220 - loadIPPluginJar : add fatfs
2023-07-14 17:00:59,067 [INFO] IPUIPlugin:80 - create IPUIPlugin
2023-07-14 17:00:59,067 [INFO] PluginManager:220 - loadIPPluginJar : add fmc
2023-07-14 17:00:59,072 [INFO] IPUIPlugin:80 - create IPUIPlugin
2023-07-14 17:00:59,073 [INFO] PluginManager:220 - loadIPPluginJar : add freertos
2023-07-14 17:00:59,074 [INFO] IPUIPlugin:80 - create IPUIPlugin
2023-07-14 17:00:59,075 [INFO] PluginManager:220 - loadIPPluginJar : add genericplugin
2023-07-14 17:00:59,077 [INFO] IPUIPlugin:80 - create IPUIPlugin
2023-07-14 17:00:59,077 [INFO] PluginManager:220 - loadIPPluginJar : add gfxmmu
2023-07-14 17:00:59,082 [INFO] IPUIPlugin:80 - create IPUIPlugin
2023-07-14 17:00:59,082 [INFO] PluginManager:220 - loadIPPluginJar : add gic
2023-07-14 17:00:59,087 [INFO] IPUIPlugin:80 - create IPUIPlugin
2023-07-14 17:00:59,087 [INFO] PluginManager:220 - loadIPPluginJar : add gpio
2023-07-14 17:00:59,091 [INFO] IPUIPlugin:80 - create IPUIPlugin
2023-07-14 17:00:59,091 [INFO] PluginManager:220 - loadIPPluginJar : add gtzc
2023-07-14 17:00:59,094 [INFO] IPUIPlugin:80 - create IPUIPlugin
2023-07-14 17:00:59,094 [INFO] PluginManager:220 - loadIPPluginJar : add hash
2023-07-14 17:00:59,098 [INFO] IPUIPlugin:80 - create IPUIPlugin
2023-07-14 17:00:59,098 [INFO] PluginManager:220 - loadIPPluginJar : add i2c
2023-07-14 17:00:59,101 [INFO] IPUIPlugin:80 - create IPUIPlugin
2023-07-14 17:00:59,101 [INFO] PluginManager:220 - loadIPPluginJar : add i2s
2023-07-14 17:00:59,104 [INFO] IPUIPlugin:80 - create IPUIPlugin
2023-07-14 17:00:59,104 [INFO] PluginManager:220 - loadIPPluginJar : add i3c
2023-07-14 17:00:59,107 [INFO] IPUIPlugin:80 - create IPUIPlugin
2023-07-14 17:00:59,108 [INFO] PluginManager:220 - loadIPPluginJar : add ipddr
2023-07-14 17:00:59,114 [INFO] IPUIPlugin:80 - create IPUIPlugin
2023-07-14 17:00:59,115 [INFO] PluginManager:220 - loadIPPluginJar : add linkedlist
2023-07-14 17:00:59,118 [INFO] IPUIPlugin:80 - create IPUIPlugin
2023-07-14 17:00:59,118 [INFO] PluginManager:220 - loadIPPluginJar : add lorawan
2023-07-14 17:00:59,120 [INFO] IPUIPlugin:80 - create IPUIPlugin
2023-07-14 17:00:59,120 [INFO] PluginManager:220 - loadIPPluginJar : add ltdc
2023-07-14 17:00:59,126 [INFO] IPUIPlugin:80 - create IPUIPlugin
2023-07-14 17:00:59,127 [INFO] PluginManager:220 - loadIPPluginJar : add mdma
2023-07-14 17:00:59,131 [INFO] IPUIPlugin:80 - create IPUIPlugin
2023-07-14 17:00:59,132 [INFO] PluginManager:220 - loadIPPluginJar : add nvic
2023-07-14 17:00:59,135 [INFO] IPUIPlugin:80 - create IPUIPlugin
2023-07-14 17:00:59,135 [INFO] PluginManager:220 - loadIPPluginJar : add opamp
2023-07-14 17:00:59,139 [INFO] IPUIPlugin:80 - create IPUIPlugin
2023-07-14 17:00:59,139 [INFO] PluginManager:220 - loadIPPluginJar : add openamp
2023-07-14 17:00:59,144 [INFO] IPUIPlugin:80 - create IPUIPlugin
2023-07-14 17:00:59,144 [INFO] PluginManager:220 - loadIPPluginJar : add pdm2pcm
2023-07-14 17:00:59,154 [INFO] IPUIPlugin:80 - create IPUIPlugin
2023-07-14 17:00:59,157 [INFO] PluginManager:220 - loadIPPluginJar : add plateformsettings
2023-07-14 17:00:59,160 [INFO] IPUIPlugin:80 - create IPUIPlugin
2023-07-14 17:00:59,160 [INFO] PluginManager:220 - loadIPPluginJar : add quadspi
2023-07-14 17:00:59,164 [INFO] IPUIPlugin:80 - create IPUIPlugin
2023-07-14 17:00:59,164 [INFO] PluginManager:220 - loadIPPluginJar : add resmgrutility
2023-07-14 17:00:59,167 [INFO] IPUIPlugin:80 - create IPUIPlugin
2023-07-14 17:00:59,168 [INFO] PluginManager:220 - loadIPPluginJar : add sai
2023-07-14 17:00:59,171 [INFO] IPUIPlugin:80 - create IPUIPlugin
2023-07-14 17:00:59,171 [INFO] PluginManager:220 - loadIPPluginJar : add spi
2023-07-14 17:00:59,177 [INFO] IPUIPlugin:80 - create IPUIPlugin
2023-07-14 17:00:59,177 [INFO] PluginManager:220 - loadIPPluginJar : add stm32_wpan
2023-07-14 17:00:59,179 [INFO] IPUIPlugin:80 - create IPUIPlugin
2023-07-14 17:00:59,179 [INFO] PluginManager:220 - loadIPPluginJar : add tim
2023-07-14 17:00:59,183 [INFO] IPUIPlugin:80 - create IPUIPlugin
2023-07-14 17:00:59,183 [INFO] PluginManager:220 - loadIPPluginJar : add touchsensing
2023-07-14 17:00:59,185 [INFO] IPUIPlugin:80 - create IPUIPlugin
2023-07-14 17:00:59,185 [INFO] PluginManager:220 - loadIPPluginJar : add tracer_emb
2023-07-14 17:00:59,187 [INFO] IPUIPlugin:80 - create IPUIPlugin
2023-07-14 17:00:59,188 [INFO] PluginManager:220 - loadIPPluginJar : add ts
2023-07-14 17:00:59,190 [INFO] IPUIPlugin:80 - create IPUIPlugin
2023-07-14 17:00:59,190 [INFO] PluginManager:220 - loadIPPluginJar : add tsc
2023-07-14 17:00:59,192 [INFO] IPUIPlugin:80 - create IPUIPlugin
2023-07-14 17:00:59,193 [INFO] PluginManager:220 - loadIPPluginJar : add ucpd
2023-07-14 17:00:59,196 [INFO] IPUIPlugin:80 - create IPUIPlugin
2023-07-14 17:00:59,196 [INFO] PluginManager:220 - loadIPPluginJar : add usart
2023-07-14 17:00:59,200 [INFO] IPUIPlugin:80 - create IPUIPlugin
2023-07-14 17:00:59,200 [INFO] PluginManager:220 - loadIPPluginJar : add usbx
2023-07-14 17:00:59,353 [INFO] CADModel:165 - CPN selected for project level
2023-07-14 17:00:59,353 [INFO] CADModel:114 - Register for checkConnection events
2023-07-14 17:00:59,353 [FATAL] Updater:308 - Updater called before beeing initialized
2023-07-14 17:00:59,353 [ERROR] CADModel:125 - Updater not yet initialized, retry later 
2023-07-14 17:00:59,514 [INFO] CADModel:165 - CPN selected for project level
2023-07-14 17:00:59,514 [INFO] CADModel:114 - Register for checkConnection events
2023-07-14 17:00:59,515 [FATAL] Updater:308 - Updater called before beeing initialized
2023-07-14 17:00:59,515 [ERROR] CADModel:125 - Updater not yet initialized, retry later 
2023-07-14 17:00:59,522 [FATAL] Updater:308 - Updater called before beeing initialized
2023-07-14 17:00:59,733 [FATAL] Updater:308 - Updater called before beeing initialized
2023-07-14 17:00:59,742 [INFO] DbMcusAds:53 - JSON generation date=Thu Sep 30 09:55:09 EEST 2021 (1632984909247)
2023-07-14 17:00:59,743 [FATAL] Updater:308 - Updater called before beeing initialized
2023-07-14 17:00:59,800 [WARN] DetailPanel:346 - Failed to get advertising image, set to default
2023-07-14 17:00:59,971 [FATAL] Updater:308 - Updater called before beeing initialized
2023-07-14 17:00:59,973 [FATAL] Updater:308 - Updater called before beeing initialized
2023-07-14 17:00:59,973 [FATAL] Updater:308 - Updater called before beeing initialized
2023-07-14 17:00:59,973 [WARN] DetailPanel:346 - Failed to get advertising image, set to default
2023-07-14 17:00:59,974 [FATAL] Updater:308 - Updater called before beeing initialized
2023-07-14 17:01:00,046 [ERROR] Updater:1120 - MainUpdater not yet initialized. External WinMGr cannot be set.
2023-07-14 17:01:00,048 [INFO] Updater:1056 - Updater Version found : 6.9.0
2023-07-14 17:01:00,065 [INFO] ApplicationProperties:184 - Using Application install path: C:\ST\STM32CubeIDE_1.12.1\STM32CubeIDE\plugins\com.st.stm32cube.common.mx_6.9.0.202307051724
2023-07-14 17:01:00,103 [INFO] MainUpdater:521 - Copy updater definitions from MX database
2023-07-14 17:01:00,301 [INFO] MainUpdater:2868 - connection check result : 10
2023-07-14 17:01:00,302 [INFO] MainUpdater:3562 - Updater definition file requires update
2023-07-14 17:01:00,303 [INFO] MainUpdater:285 - Updater Check For Update Now.
2023-07-14 17:01:00,303 [INFO] MicroXplorer:498 - Change Database Version : DB.6.0.90
2023-07-14 17:01:00,309 [INFO] McuFinderGlobals:63 - Set McuFinder mode to 2 (CubeIDE integrated)
2023-07-14 17:01:00,309 [INFO] UserAuth:179 - activating auth plugin
2023-07-14 17:01:00,311 [INFO] UserAuth:393 - Internet connection configuration mode: 1
2023-07-14 17:01:00,324 [INFO] JxBrowserEngine:151 - Initiate JxBrowser Engine with user profile folder
2023-07-14 17:01:00,419 [INFO] ServerAccessManage:473 - Download File updaters.zip
2023-07-14 17:01:00,513 [INFO] FileExtend:240 - Unzip File : updaters.zip
2023-07-14 17:01:00,513 [INFO] FileExtend:255 - Standard Zip Deflate
2023-07-14 17:01:01,107 [INFO] ServerAccessManage:473 - Download File PacksControlFlags.xml
2023-07-14 17:01:01,192 [INFO] ServerAccessManage:473 - Download File cubemx.pidx
2023-07-14 17:01:01,333 [WARN] MainUpdater:1189 - Updater busy. Cannot search thirdparties
2023-07-14 17:01:01,333 [INFO] ThirdPartyUpdaterWithRetryManager:96 - Updater plugin is busy. [1/15]
2023-07-14 17:01:01,356 [INFO] LoadServerUpdatesThread:373 - End of LoadServerUpdate Thread
2023-07-14 17:01:01,601 [INFO] CheckServerUpdateThread:120 - End of CheckServer Thread
2023-07-14 17:01:04,756 [WARN] PackLoader:240 - Cannot read IP mode file for STMicroelectronics.X-CUBE-GNSS1.6.0.0
2023-07-14 17:01:04,836 [WARN] PackLoader:240 - Cannot read IP mode file for STMicroelectronics.X-CUBE-AZRTOS-F4.1.1.0
2023-07-14 17:01:04,868 [WARN] PackLoader:240 - Cannot read IP mode file for STMicroelectronics.X-CUBE-SMBUS.2.1.0
2023-07-14 17:01:04,942 [WARN] PackLoader:240 - Cannot read IP mode file for STMicroelectronics.X-CUBE-AZRTOS-F7.1.1.0
2023-07-14 17:01:05,106 [WARN] PackLoader:240 - Cannot read IP mode file for STMicroelectronics.X-CUBE-MEMS1.9.6.0
2023-07-14 17:01:05,607 [WARN] PackLoader:240 - Cannot read IP mode file for STMicroelectronics.FP-SNS-MOTENV1.4.3.2
2023-07-14 17:01:05,620 [WARN] PackLoader:240 - Cannot read IP mode file for STMicroelectronics.FP-SNS-FLIGHT1.5.0.1
2023-07-14 17:01:05,632 [WARN] PackLoader:240 - Cannot read IP mode file for STMicroelectronics.X-CUBE-BLE1.6.2.4
2023-07-14 17:01:05,650 [WARN] PackLoader:240 - Cannot read IP mode file for STMicroelectronics.X-CUBE-BLEMGR.2.0.0
2023-07-14 17:01:05,696 [WARN] ConditionMgr:438 - getConditionDescription Invalid condition id : UX DEVICE CLASS RTOS Condition cause : null
2023-07-14 17:01:05,697 [WARN] ConditionMgr:438 - getConditionDescription Invalid condition id : UX DEVICE CLASS RTOS Condition cause : null
2023-07-14 17:01:05,705 [WARN] PackLoader:240 - Cannot read IP mode file for STMicroelectronics.X-CUBE-AZRTOS-H7.3.1.0
2023-07-14 17:01:05,707 [WARN] ConditionMgr:1039 - genDependencies : Invalid condition id : UX DEVICE CLASS RTOS Condition cause : null
2023-07-14 17:01:05,707 [WARN] ConditionMgr:1039 - genDependencies : Invalid condition id : UX DEVICE CLASS RTOS Condition cause : null
2023-07-14 17:01:05,709 [WARN] ConditionMgr:1039 - genDependencies : Invalid condition id : UX DEVICE CLASS RTOS Condition cause : null
2023-07-14 17:01:05,710 [WARN] ConditionMgr:1039 - genDependencies : Invalid condition id : UX DEVICE CLASS RTOS Condition cause : null
2023-07-14 17:01:05,710 [WARN] ConditionMgr:1039 - genDependencies : Invalid condition id : UX DEVICE CLASS RTOS Condition cause : null
2023-07-14 17:01:05,737 [WARN] PackLoader:240 - Cannot read IP mode file for STMicroelectronics.X-CUBE-DISPLAY.3.0.0
2023-07-14 17:01:05,767 [WARN] PackLoader:240 - Cannot read IP mode file for emotas.I-CUBE-CANOPEN.1.3.0
2023-07-14 17:01:05,777 [WARN] PackLoader:240 - Cannot read IP mode file for STMicroelectronics.X-CUBE-TOUCHGFX.4.22.0
2023-07-14 17:01:05,788 [WARN] PackLoader:240 - Cannot read IP mode file for STMicroelectronics.X-CUBE-NFC7.1.0.1
2023-07-14 17:01:05,808 [WARN] PackLoader:240 - Cannot read IP mode file for STMicroelectronics.X-CUBE-EEPRMA1.4.1.0
2023-07-14 17:01:05,851 [INFO] LogOutputStream:77 - [STDOUT_REDIRECT] 1 : Invalid condition id : UX_CORESTACK_Condition cause : null
2023-07-14 17:01:05,853 [INFO] LogOutputStream:77 - [STDOUT_REDIRECT] 1 : Invalid condition id : UX_CORESTACK_Condition cause : null
2023-07-14 17:01:05,856 [INFO] LogOutputStream:77 - [STDOUT_REDIRECT] 1 : Invalid condition id : UX_CORESTACK_Condition cause : null
2023-07-14 17:01:05,861 [INFO] LogOutputStream:77 - [STDOUT_REDIRECT] 1 : Invalid condition id : UX_CORESTACK_Condition cause : null
2023-07-14 17:01:05,866 [INFO] LogOutputStream:77 - [STDOUT_REDIRECT] 1 : Invalid condition id : UX_CORESTACK_Condition cause : null
2023-07-14 17:01:05,872 [WARN] PackLoader:240 - Cannot read IP mode file for STMicroelectronics.X-CUBE-AZRTOS-WL.2.0.0
2023-07-14 17:01:05,927 [WARN] ConditionMgr:438 - getConditionDescription Invalid condition id : LAN8742 Phy interface Condition cause : null
2023-07-14 17:01:05,928 [WARN] PackLoader:240 - Cannot read IP mode file for STMicroelectronics.X-CUBE-AZRTOS-L4.2.0.0
2023-07-14 17:01:05,931 [WARN] ConditionMgr:1039 - genDependencies : Invalid condition id : LAN8742 Phy interface Condition cause : null
2023-07-14 17:01:05,931 [WARN] ConditionMgr:1039 - genDependencies : Invalid condition id : LAN8742 Phy interface Condition cause : null
2023-07-14 17:01:05,933 [WARN] ConditionMgr:1039 - genDependencies : Invalid condition id : LAN8742 Phy interface Condition cause : null
2023-07-14 17:01:05,952 [WARN] PackLoader:240 - Cannot read IP mode file for WES.I-CUBE-Cesium.1.3.0
2023-07-14 17:01:05,966 [WARN] PackLoader:240 - Cannot read IP mode file for STMicroelectronics.X-CUBE-SFXS2LP1.4.0.0
2023-07-14 17:01:05,977 [WARN] PackLoader:240 - Cannot read IP mode file for STMicroelectronics.X-CUBE-BLE2.3.3.0
2023-07-14 17:01:05,986 [WARN] PackLoader:240 - Cannot read IP mode file for STMicroelectronics.X-CUBE-ISPU.1.1.0
2023-07-14 17:01:06,002 [WARN] PackLoader:240 - Cannot read IP mode file for STMicroelectronics.X-CUBE-FREERTOS.1.0.1
2023-07-14 17:01:06,015 [WARN] PackLoader:240 - Cannot read IP mode file for STMicroelectronics.X-CUBE-ALGOBUILD.1.3.0
2023-07-14 17:01:06,049 [WARN] PackLoader:240 - Cannot read IP mode file for STMicroelectronics.X-CUBE-AZRTOS-L5.1.1.0
2023-07-14 17:01:06,087 [WARN] PackLoader:240 - Cannot read IP mode file for STMicroelectronics.X-CUBE-AZRTOS-G0.1.1.0
2023-07-14 17:01:06,100 [WARN] PackLoader:240 - Cannot read IP mode file for STMicroelectronics.X-CUBE-AI.8.0.1
2023-07-14 17:01:06,121 [WARN] PackLoader:240 - Cannot read IP mode file for STMicroelectronics.X-CUBE-SUBG2.5.0.0
2023-07-14 17:01:06,142 [WARN] PackLoader:240 - Cannot read IP mode file for STMicroelectronics.X-CUBE-NFC4.3.0.0
2023-07-14 17:01:06,180 [WARN] PackLoader:240 - Cannot read IP mode file for STMicroelectronics.X-CUBE-AZRTOS-G4.2.0.0
2023-07-14 17:01:06,204 [WARN] PackLoader:240 - Cannot read IP mode file for STMicroelectronics.X-CUBE-TOF1.3.3.0
2023-07-14 17:01:06,232 [WARN] PackLoader:240 - Cannot read IP mode file for STMicroelectronics.FP-ATR-SIGFOX1.3.2.0
2023-07-14 17:01:06,244 [WARN] PackLoader:240 - Cannot read IP mode file for portGmbH.I-Cube-SoM-uGOAL.1.1.0
2023-07-14 17:01:06,253 [WARN] PackLoader:240 - Cannot read IP mode file for STMicroelectronics.X-CUBE-ALS.1.0.1
2023-07-14 17:01:06,282 [WARN] PackLoader:240 - Cannot read IP mode file for STMicroelectronics.X-CUBE-AZRTOS-WB.1.1.0
2023-07-14 17:01:06,355 [WARN] PackLoader:240 - Cannot read IP mode file for SEGGER.I-CUBE-embOS.1.3.1
2023-07-14 17:01:06,521 [WARN] PackLoader:240 - Cannot read IP mode file for STMicroelectronics.FP-ATR-ASTRA1.2.0.0
2023-07-14 17:01:06,523 [INFO] ThirdParty:978 - Integrity check success = true
2023-07-14 17:01:06,524 [INFO] IntegrityCheckThread:100 - exiting critical section [integrity check]
2023-07-14 17:01:06,524 [INFO] IntegrityCheckThread:103 - End integrity checks thread
2023-07-14 17:01:11,568 [ERROR] LogOutputStream:75 - [STDERR_REDIRECT] 
2023-07-14 17:01:11,584 [INFO] WebApp:157 - Instantiating new browser for Auth
2023-07-14 17:02:15,522 [INFO] Activator:176 - 


2023-07-14 17:02:15,525 [INFO] Activator:177 - !SESSION log4j initialized
2023-07-14 17:02:22,830 [INFO] LogOutputStream:77 - [STDOUT_REDIRECT] 
2023-07-14 17:02:24,759 [INFO] ApplicationProperties:184 - Using Application install path: C:\ST\STM32CubeIDE_1.12.1\STM32CubeIDE\plugins\com.st.stm32cube.common.mx_6.9.0.202307051724
2023-07-14 17:02:24,792 [INFO] DbMcusXml:78 - Set database path to: C:\ST\STM32CubeIDE_1.12.1\STM32CubeIDE\plugins\com.st.stm32cube.common.mx_6.9.0.202307051724\\db\/mcu/
2023-07-14 17:02:24,793 [INFO] ApiDb:274 - Set plugin database path to: C:\ST\STM32CubeIDE_1.12.1\STM32CubeIDE\plugins\com.st.stm32cube.common.mx_6.9.0.202307051724\\db\/plugins/boardmanager/
2023-07-14 17:02:24,794 [WARN] ApiDb:259 - Overriding images path with different value:  => C:\ST\STM32CubeIDE_1.12.1\STM32CubeIDE\plugins\com.st.stm32cube.common.mx_6.9.0.202307051724\\db\/plugins/mcufinder/images/
2023-07-14 17:02:24,811 [INFO] ApiDb:250 - Set database path to: C:\Users\cristian.tirziu\.stmcufinder\plugins\mcufinder//mcu/
2023-07-14 17:02:24,814 [INFO] DbMcusAds:125 - Set database path to: C:\Users\cristian.tirziu\.stmcufinder\plugins\mcufinder//mcu/
2023-07-14 17:02:24,817 [INFO] CrossReferenceDbSqlite:203 - Set database path to: C:\Users\cristian.tirziu\.stmcufinder\plugins\mcufinder//mcu/cs/
2023-07-14 17:02:25,011 [INFO] RulesReader:64 - Compatibility file has been processed (293 Rules)
2023-07-14 17:02:25,167 [INFO] DbMcusXml:78 - Set database path to: C:\ST\STM32CubeIDE_1.12.1\STM32CubeIDE\plugins\com.st.stm32cube.common.mx_6.9.0.202307051724\\db\/mcu/
2023-07-14 17:02:25,167 [INFO] ApiDb:274 - Set plugin database path to: C:\ST\STM32CubeIDE_1.12.1\STM32CubeIDE\plugins\com.st.stm32cube.common.mx_6.9.0.202307051724\\db\/plugins/boardmanager/
2023-07-14 17:02:25,167 [INFO] ApiDb:261 - Set plugin images path to: C:\ST\STM32CubeIDE_1.12.1\STM32CubeIDE\plugins\com.st.stm32cube.common.mx_6.9.0.202307051724\\db\/plugins/mcufinder/images/
2023-07-14 17:02:25,168 [WARN] DbFile:41 - Overriding database path with different value: C:\Users\cristian.tirziu\.stmcufinder\plugins\mcufinder/ => C:\Users\cristian.tirziu\.stmcufinder\plugins\mcufinder
2023-07-14 17:02:25,168 [INFO] ApiDb:250 - Set database path to: C:\Users\cristian.tirziu\.stmcufinder\plugins\mcufinder//mcu/
2023-07-14 17:02:25,168 [WARN] DbFile:41 - Overriding database path with different value: C:\Users\cristian.tirziu\.stmcufinder\plugins\mcufinder/ => C:\Users\cristian.tirziu\.stmcufinder\plugins\mcufinder
2023-07-14 17:02:25,168 [INFO] DbMcusAds:125 - Set database path to: C:\Users\cristian.tirziu\.stmcufinder\plugins\mcufinder//mcu/
2023-07-14 17:02:25,168 [WARN] DbFile:41 - Overriding database path with different value: C:\Users\cristian.tirziu\.stmcufinder\plugins\mcufinder/ => C:\Users\cristian.tirziu\.stmcufinder\plugins\mcufinder
2023-07-14 17:02:25,168 [WARN] DbFile:41 - Overriding database path with different value: C:\Users\cristian.tirziu\.stmcufinder\plugins\mcufinder/ => C:\Users\cristian.tirziu\.stmcufinder\plugins\mcufinder
2023-07-14 17:02:25,169 [INFO] CrossReferenceDbSqlite:203 - Set database path to: C:\Users\cristian.tirziu\.stmcufinder\plugins\mcufinder//mcu/cs/
2023-07-14 17:02:25,277 [INFO] MainPanel:262 - HeapMemory: 268435456
2023-07-14 17:02:25,396 [INFO] DbMcusXml:78 - Set database path to: C:\ST\STM32CubeIDE_1.12.1\STM32CubeIDE\plugins\com.st.stm32cube.common.mx_6.9.0.202307051724\\db\/mcu/
2023-07-14 17:02:25,396 [INFO] ApiDb:274 - Set plugin database path to: C:\ST\STM32CubeIDE_1.12.1\STM32CubeIDE\plugins\com.st.stm32cube.common.mx_6.9.0.202307051724\\db\/plugins/boardmanager/
2023-07-14 17:02:25,396 [INFO] ApiDb:261 - Set plugin images path to: C:\ST\STM32CubeIDE_1.12.1\STM32CubeIDE\plugins\com.st.stm32cube.common.mx_6.9.0.202307051724\\db\/plugins/mcufinder/images/
2023-07-14 17:02:25,397 [WARN] DbFile:41 - Overriding database path with different value: C:\Users\cristian.tirziu\.stmcufinder\plugins\mcufinder/ => C:\Users\cristian.tirziu\.stmcufinder\plugins\mcufinder
2023-07-14 17:02:25,398 [INFO] ApiDb:250 - Set database path to: C:\Users\cristian.tirziu\.stmcufinder\plugins\mcufinder//mcu/
2023-07-14 17:02:25,398 [WARN] DbFile:41 - Overriding database path with different value: C:\Users\cristian.tirziu\.stmcufinder\plugins\mcufinder/ => C:\Users\cristian.tirziu\.stmcufinder\plugins\mcufinder
2023-07-14 17:02:25,399 [INFO] DbMcusAds:125 - Set database path to: C:\Users\cristian.tirziu\.stmcufinder\plugins\mcufinder//mcu/
2023-07-14 17:02:25,399 [WARN] DbFile:41 - Overriding database path with different value: C:\Users\cristian.tirziu\.stmcufinder\plugins\mcufinder/ => C:\Users\cristian.tirziu\.stmcufinder\plugins\mcufinder
2023-07-14 17:02:25,399 [WARN] DbFile:41 - Overriding database path with different value: C:\Users\cristian.tirziu\.stmcufinder\plugins\mcufinder/ => C:\Users\cristian.tirziu\.stmcufinder\plugins\mcufinder
2023-07-14 17:02:25,399 [INFO] CrossReferenceDbSqlite:203 - Set database path to: C:\Users\cristian.tirziu\.stmcufinder\plugins\mcufinder//mcu/cs/
2023-07-14 17:02:25,431 [INFO] ApplicationProperties:184 - Using Application install path: C:\ST\STM32CubeIDE_1.12.1\STM32CubeIDE\plugins\com.st.stm32cube.common.mx_6.9.0.202307051724
2023-07-14 17:02:25,434 [INFO] PluginManage:196 - Search for loadable plugins [exclusion list=, ]
2023-07-14 17:02:25,436 [INFO] PluginManage:310 - Check plugin analytics
2023-07-14 17:02:25,789 [INFO] AnalyticsPlugin:253 - Accepted Software Licenses: 
2023-07-14 17:02:25,789 [INFO] AnalyticsPlugin:255 - Accepted CMSIS Pack Licenses: 
2023-07-14 17:02:25,790 [INFO] AnalyticsPlugin:257 - Accepted Firmware Licenses: 
2023-07-14 17:02:25,795 [INFO] PluginManage:359 - Loaded plugin analytics (category:tool,tabindex:-1)
2023-07-14 17:02:25,795 [INFO] PluginManage:310 - Check plugin cadmodel
2023-07-14 17:02:25,803 [INFO] CADModel:105 - Init CAD model plugin
2023-07-14 17:02:25,803 [INFO] PluginManage:359 - Loaded plugin cadmodel (category:power,tabindex:5)
2023-07-14 17:02:25,804 [INFO] PluginManage:310 - Check plugin clock
2023-07-14 17:02:25,821 [INFO] PluginManage:359 - Loaded plugin clock (category:base,tabindex:2)
2023-07-14 17:02:25,821 [INFO] PluginManage:310 - Check plugin ddr
2023-07-14 17:02:25,825 [INFO] PluginManage:359 - Loaded plugin ddr (category:tool,tabindex:6)
2023-07-14 17:02:25,825 [INFO] PluginManage:310 - Check plugin filemanager
2023-07-14 17:02:26,056 [INFO] PluginManage:359 - Loaded plugin filemanager (category:base,tabindex:10)
2023-07-14 17:02:26,056 [INFO] PluginManage:310 - Check plugin ipmanager
2023-07-14 17:02:26,069 [INFO] PluginManage:359 - Loaded plugin ipmanager (category:base,tabindex:5)
2023-07-14 17:02:26,069 [INFO] PluginManage:310 - Check plugin lpbam
2023-07-14 17:02:26,080 [INFO] PluginManage:359 - Loaded plugin lpbam (category:base,tabindex:0)
2023-07-14 17:02:26,080 [INFO] PluginManage:310 - Check plugin memorymap
2023-07-14 17:02:26,098 [INFO] PluginManage:359 - Loaded plugin memorymap (category:base,tabindex:4)
2023-07-14 17:02:26,098 [INFO] PluginManage:310 - Check plugin pinoutandconfiguration
2023-07-14 17:02:26,109 [INFO] PluginManage:359 - Loaded plugin pinoutandconfiguration (category:base,tabindex:1)
2023-07-14 17:02:26,110 [INFO] PluginManage:310 - Check plugin pinoutconfig
2023-07-14 17:02:26,258 [WARN] SupportedApi:132 - Cannot load RTOS API schema: s4s-elt-must-match.1: The content of 'definitions' must match (annotation?, (simpleType | complexType)?, (unique | key | keyref)*)). A problem was found starting at: attribute.
2023-07-14 17:02:26,548 [INFO] PluginManage:359 - Loaded plugin pinoutconfig (category:base,tabindex:0)
2023-07-14 17:02:26,548 [INFO] PluginManage:310 - Check plugin power
2023-07-14 17:02:26,565 [INFO] PluginManage:359 - Loaded plugin power (category:power,tabindex:4)
2023-07-14 17:02:26,565 [INFO] PluginManage:310 - Check plugin projectmanager
2023-07-14 17:02:26,593 [INFO] PluginManage:359 - Loaded plugin projectmanager (category:projectmanager,tabindex:3)
2023-07-14 17:02:26,593 [INFO] PluginManage:310 - Check plugin thirdparty
2023-07-14 17:02:26,837 [INFO] PluginManage:359 - Loaded plugin thirdparty (category:base,tabindex:-1)
2023-07-14 17:02:26,837 [WARN] IntegrityCheckThread:84 - waiting for thirdparty lock release [integrity check]
2023-07-14 17:02:26,837 [INFO] PluginManage:310 - Check plugin tools
2023-07-14 17:02:26,837 [INFO] IntegrityCheckThread:86 - entering critical section [integrity check]
2023-07-14 17:02:26,838 [INFO] ThirdPartyUpdaterWithRetryManager:70 - Updater plugin not ready yet. [1/15]
2023-07-14 17:02:26,841 [INFO] PluginManage:359 - Loaded plugin tools (category:base,tabindex:7)
2023-07-14 17:02:26,842 [INFO] PluginManage:310 - Check plugin tutovideos
2023-07-14 17:02:27,149 [INFO] PluginManage:359 - Loaded plugin tutovideos (category:base,tabindex:-1)
2023-07-14 17:02:27,149 [INFO] PluginManage:310 - Check plugin updater
2023-07-14 17:02:27,164 [INFO] PluginManage:359 - Loaded plugin updater (category:base,tabindex:12)
2023-07-14 17:02:27,164 [INFO] PluginManage:310 - Check plugin userauth
2023-07-14 17:02:27,170 [INFO] UserAuth:113 - Init User Auth plugin
2023-07-14 17:02:27,171 [INFO] PluginManage:359 - Loaded plugin userauth (category:base,tabindex:14)
2023-07-14 17:02:27,171 [INFO] PluginManage:283 - PluginManage : Loaded plugins [17]
2023-07-14 17:02:27,510 [INFO] PinOutPanel:1499 - setPackage(No Configuration,No Configuration)
2023-07-14 17:02:27,684 [INFO] CADModel:165 - CPN selected for project level
2023-07-14 17:02:27,685 [INFO] CADModel:114 - Register for checkConnection events
2023-07-14 17:02:27,706 [INFO] IPUIPlugin:80 - create IPUIPlugin
2023-07-14 17:02:27,706 [INFO] PluginManager:220 - loadIPPluginJar : add adc
2023-07-14 17:02:27,711 [INFO] IPUIPlugin:80 - create IPUIPlugin
2023-07-14 17:02:27,711 [INFO] PluginManager:220 - loadIPPluginJar : add aes
2023-07-14 17:02:27,715 [INFO] IPUIPlugin:80 - create IPUIPlugin
2023-07-14 17:02:27,716 [INFO] PluginManager:220 - loadIPPluginJar : add can
2023-07-14 17:02:27,719 [INFO] IPUIPlugin:80 - create IPUIPlugin
2023-07-14 17:02:27,719 [INFO] PluginManager:220 - loadIPPluginJar : add comp
2023-07-14 17:02:27,723 [INFO] IPUIPlugin:80 - create IPUIPlugin
2023-07-14 17:02:27,723 [INFO] PluginManager:220 - loadIPPluginJar : add cryp
2023-07-14 17:02:27,728 [INFO] IPUIPlugin:80 - create IPUIPlugin
2023-07-14 17:02:27,728 [INFO] PluginManager:220 - loadIPPluginJar : add dfsdm
2023-07-14 17:02:27,736 [INFO] IPUIPlugin:80 - create IPUIPlugin
2023-07-14 17:02:27,737 [INFO] PluginManager:220 - loadIPPluginJar : add dma
2023-07-14 17:02:27,741 [INFO] IPUIPlugin:80 - create IPUIPlugin
2023-07-14 17:02:27,742 [INFO] PluginManager:220 - loadIPPluginJar : add dma3
2023-07-14 17:02:27,745 [INFO] IPUIPlugin:80 - create IPUIPlugin
2023-07-14 17:02:27,745 [INFO] PluginManager:220 - loadIPPluginJar : add fatfs
2023-07-14 17:02:27,751 [INFO] IPUIPlugin:80 - create IPUIPlugin
2023-07-14 17:02:27,751 [INFO] PluginManager:220 - loadIPPluginJar : add fmc
2023-07-14 17:02:27,760 [INFO] IPUIPlugin:80 - create IPUIPlugin
2023-07-14 17:02:27,760 [INFO] PluginManager:220 - loadIPPluginJar : add freertos
2023-07-14 17:02:27,763 [INFO] IPUIPlugin:80 - create IPUIPlugin
2023-07-14 17:02:27,763 [INFO] PluginManager:220 - loadIPPluginJar : add genericplugin
2023-07-14 17:02:27,766 [INFO] IPUIPlugin:80 - create IPUIPlugin
2023-07-14 17:02:27,767 [INFO] PluginManager:220 - loadIPPluginJar : add gfxmmu
2023-07-14 17:02:27,774 [INFO] IPUIPlugin:80 - create IPUIPlugin
2023-07-14 17:02:27,774 [INFO] PluginManager:220 - loadIPPluginJar : add gic
2023-07-14 17:02:27,780 [INFO] IPUIPlugin:80 - create IPUIPlugin
2023-07-14 17:02:27,780 [INFO] PluginManager:220 - loadIPPluginJar : add gpio
2023-07-14 17:02:27,784 [INFO] IPUIPlugin:80 - create IPUIPlugin
2023-07-14 17:02:27,784 [INFO] PluginManager:220 - loadIPPluginJar : add gtzc
2023-07-14 17:02:27,788 [INFO] IPUIPlugin:80 - create IPUIPlugin
2023-07-14 17:02:27,789 [INFO] PluginManager:220 - loadIPPluginJar : add hash
2023-07-14 17:02:27,793 [INFO] IPUIPlugin:80 - create IPUIPlugin
2023-07-14 17:02:27,793 [INFO] PluginManager:220 - loadIPPluginJar : add i2c
2023-07-14 17:02:27,797 [INFO] IPUIPlugin:80 - create IPUIPlugin
2023-07-14 17:02:27,797 [INFO] PluginManager:220 - loadIPPluginJar : add i2s
2023-07-14 17:02:27,802 [INFO] IPUIPlugin:80 - create IPUIPlugin
2023-07-14 17:02:27,802 [INFO] PluginManager:220 - loadIPPluginJar : add i3c
2023-07-14 17:02:27,807 [INFO] IPUIPlugin:80 - create IPUIPlugin
2023-07-14 17:02:27,807 [INFO] PluginManager:220 - loadIPPluginJar : add ipddr
2023-07-14 17:02:27,815 [INFO] IPUIPlugin:80 - create IPUIPlugin
2023-07-14 17:02:27,815 [INFO] PluginManager:220 - loadIPPluginJar : add linkedlist
2023-07-14 17:02:27,819 [INFO] IPUIPlugin:80 - create IPUIPlugin
2023-07-14 17:02:27,819 [INFO] PluginManager:220 - loadIPPluginJar : add lorawan
2023-07-14 17:02:27,821 [INFO] IPUIPlugin:80 - create IPUIPlugin
2023-07-14 17:02:27,821 [INFO] PluginManager:220 - loadIPPluginJar : add ltdc
2023-07-14 17:02:27,828 [INFO] IPUIPlugin:80 - create IPUIPlugin
2023-07-14 17:02:27,828 [INFO] PluginManager:220 - loadIPPluginJar : add mdma
2023-07-14 17:02:27,833 [INFO] IPUIPlugin:80 - create IPUIPlugin
2023-07-14 17:02:27,833 [INFO] PluginManager:220 - loadIPPluginJar : add nvic
2023-07-14 17:02:27,838 [INFO] IPUIPlugin:80 - create IPUIPlugin
2023-07-14 17:02:27,838 [INFO] PluginManager:220 - loadIPPluginJar : add opamp
2023-07-14 17:02:27,843 [INFO] IPUIPlugin:80 - create IPUIPlugin
2023-07-14 17:02:27,843 [INFO] PluginManager:220 - loadIPPluginJar : add openamp
2023-07-14 17:02:27,848 [INFO] IPUIPlugin:80 - create IPUIPlugin
2023-07-14 17:02:27,849 [INFO] PluginManager:220 - loadIPPluginJar : add pdm2pcm
2023-07-14 17:02:27,859 [INFO] IPUIPlugin:80 - create IPUIPlugin
2023-07-14 17:02:27,862 [INFO] PluginManager:220 - loadIPPluginJar : add plateformsettings
2023-07-14 17:02:27,864 [INFO] IPUIPlugin:80 - create IPUIPlugin
2023-07-14 17:02:27,864 [INFO] PluginManager:220 - loadIPPluginJar : add quadspi
2023-07-14 17:02:27,868 [INFO] IPUIPlugin:80 - create IPUIPlugin
2023-07-14 17:02:27,868 [INFO] PluginManager:220 - loadIPPluginJar : add resmgrutility
2023-07-14 17:02:27,872 [INFO] IPUIPlugin:80 - create IPUIPlugin
2023-07-14 17:02:27,872 [INFO] PluginManager:220 - loadIPPluginJar : add sai
2023-07-14 17:02:27,875 [INFO] IPUIPlugin:80 - create IPUIPlugin
2023-07-14 17:02:27,876 [INFO] PluginManager:220 - loadIPPluginJar : add spi
2023-07-14 17:02:27,882 [INFO] IPUIPlugin:80 - create IPUIPlugin
2023-07-14 17:02:27,882 [INFO] PluginManager:220 - loadIPPluginJar : add stm32_wpan
2023-07-14 17:02:27,885 [INFO] IPUIPlugin:80 - create IPUIPlugin
2023-07-14 17:02:27,885 [INFO] PluginManager:220 - loadIPPluginJar : add tim
2023-07-14 17:02:27,889 [INFO] IPUIPlugin:80 - create IPUIPlugin
2023-07-14 17:02:27,889 [INFO] PluginManager:220 - loadIPPluginJar : add touchsensing
2023-07-14 17:02:27,892 [INFO] IPUIPlugin:80 - create IPUIPlugin
2023-07-14 17:02:27,892 [INFO] PluginManager:220 - loadIPPluginJar : add tracer_emb
2023-07-14 17:02:27,894 [INFO] IPUIPlugin:80 - create IPUIPlugin
2023-07-14 17:02:27,895 [INFO] PluginManager:220 - loadIPPluginJar : add ts
2023-07-14 17:02:27,897 [INFO] IPUIPlugin:80 - create IPUIPlugin
2023-07-14 17:02:27,898 [INFO] PluginManager:220 - loadIPPluginJar : add tsc
2023-07-14 17:02:27,900 [INFO] IPUIPlugin:80 - create IPUIPlugin
2023-07-14 17:02:27,900 [INFO] PluginManager:220 - loadIPPluginJar : add ucpd
2023-07-14 17:02:27,904 [INFO] IPUIPlugin:80 - create IPUIPlugin
2023-07-14 17:02:27,904 [INFO] PluginManager:220 - loadIPPluginJar : add usart
2023-07-14 17:02:27,908 [INFO] IPUIPlugin:80 - create IPUIPlugin
2023-07-14 17:02:27,908 [INFO] PluginManager:220 - loadIPPluginJar : add usbx
2023-07-14 17:02:28,065 [INFO] CADModel:165 - CPN selected for project level
2023-07-14 17:02:28,065 [INFO] CADModel:114 - Register for checkConnection events
2023-07-14 17:02:28,065 [FATAL] Updater:308 - Updater called before beeing initialized
2023-07-14 17:02:28,065 [ERROR] CADModel:125 - Updater not yet initialized, retry later 
2023-07-14 17:02:28,202 [INFO] CADModel:165 - CPN selected for project level
2023-07-14 17:02:28,202 [INFO] CADModel:114 - Register for checkConnection events
2023-07-14 17:02:28,202 [FATAL] Updater:308 - Updater called before beeing initialized
2023-07-14 17:02:28,202 [ERROR] CADModel:125 - Updater not yet initialized, retry later 
2023-07-14 17:02:28,205 [FATAL] Updater:308 - Updater called before beeing initialized
2023-07-14 17:02:28,365 [FATAL] Updater:308 - Updater called before beeing initialized
2023-07-14 17:02:28,371 [INFO] DbMcusAds:53 - JSON generation date=Thu Sep 30 09:55:09 EEST 2021 (1632984909247)
2023-07-14 17:02:28,372 [FATAL] Updater:308 - Updater called before beeing initialized
2023-07-14 17:02:28,423 [WARN] DetailPanel:346 - Failed to get advertising image, set to default
2023-07-14 17:02:28,573 [FATAL] Updater:308 - Updater called before beeing initialized
2023-07-14 17:02:28,575 [FATAL] Updater:308 - Updater called before beeing initialized
2023-07-14 17:02:28,575 [FATAL] Updater:308 - Updater called before beeing initialized
2023-07-14 17:02:28,575 [WARN] DetailPanel:346 - Failed to get advertising image, set to default
2023-07-14 17:02:28,576 [FATAL] Updater:308 - Updater called before beeing initialized
2023-07-14 17:02:28,633 [ERROR] Updater:1120 - MainUpdater not yet initialized. External WinMGr cannot be set.
2023-07-14 17:02:28,635 [INFO] Updater:1056 - Updater Version found : 6.9.0
2023-07-14 17:02:28,655 [INFO] ApplicationProperties:184 - Using Application install path: C:\ST\STM32CubeIDE_1.12.1\STM32CubeIDE\plugins\com.st.stm32cube.common.mx_6.9.0.202307051724
2023-07-14 17:02:28,985 [INFO] MainUpdater:2868 - connection check result : 10
2023-07-14 17:02:28,986 [INFO] MainUpdater:285 - Updater Check For Update Now.
2023-07-14 17:02:28,986 [INFO] MicroXplorer:498 - Change Database Version : DB.6.0.90
2023-07-14 17:02:28,995 [INFO] McuFinderGlobals:63 - Set McuFinder mode to 2 (CubeIDE integrated)
2023-07-14 17:02:28,995 [INFO] UserAuth:179 - activating auth plugin
2023-07-14 17:02:28,998 [INFO] UserAuth:393 - Internet connection configuration mode: 1
2023-07-14 17:02:29,022 [INFO] JxBrowserEngine:151 - Initiate JxBrowser Engine with user profile folder
2023-07-14 17:02:29,221 [INFO] CheckServerUpdateThread:120 - End of CheckServer Thread
2023-07-14 17:02:30,066 [INFO] WebApp:157 - Instantiating new browser for Auth
2023-07-14 17:02:30,379 [WARN] PackLoader:240 - Cannot read IP mode file for STMicroelectronics.X-CUBE-GNSS1.6.0.0
2023-07-14 17:02:30,464 [WARN] PackLoader:240 - Cannot read IP mode file for STMicroelectronics.X-CUBE-AZRTOS-F4.1.1.0
2023-07-14 17:02:30,500 [WARN] PackLoader:240 - Cannot read IP mode file for STMicroelectronics.X-CUBE-SMBUS.2.1.0
2023-07-14 17:02:30,564 [WARN] PackLoader:240 - Cannot read IP mode file for STMicroelectronics.X-CUBE-AZRTOS-F7.1.1.0
2023-07-14 17:02:30,721 [WARN] PackLoader:240 - Cannot read IP mode file for STMicroelectronics.X-CUBE-MEMS1.9.6.0
2023-07-14 17:02:31,086 [WARN] PackLoader:240 - Cannot read IP mode file for STMicroelectronics.FP-SNS-MOTENV1.4.3.2
2023-07-14 17:02:31,096 [WARN] PackLoader:240 - Cannot read IP mode file for STMicroelectronics.FP-SNS-FLIGHT1.5.0.1
2023-07-14 17:02:31,105 [WARN] PackLoader:240 - Cannot read IP mode file for STMicroelectronics.X-CUBE-BLE1.6.2.4
2023-07-14 17:02:31,128 [WARN] PackLoader:240 - Cannot read IP mode file for STMicroelectronics.X-CUBE-BLEMGR.2.0.0
2023-07-14 17:02:31,179 [WARN] ConditionMgr:438 - getConditionDescription Invalid condition id : UX DEVICE CLASS RTOS Condition cause : null
2023-07-14 17:02:31,180 [WARN] ConditionMgr:438 - getConditionDescription Invalid condition id : UX DEVICE CLASS RTOS Condition cause : null
2023-07-14 17:02:31,187 [WARN] PackLoader:240 - Cannot read IP mode file for STMicroelectronics.X-CUBE-AZRTOS-H7.3.1.0
2023-07-14 17:02:31,189 [WARN] ConditionMgr:1039 - genDependencies : Invalid condition id : UX DEVICE CLASS RTOS Condition cause : null
2023-07-14 17:02:31,189 [WARN] ConditionMgr:1039 - genDependencies : Invalid condition id : UX DEVICE CLASS RTOS Condition cause : null
2023-07-14 17:02:31,190 [WARN] ConditionMgr:1039 - genDependencies : Invalid condition id : UX DEVICE CLASS RTOS Condition cause : null
2023-07-14 17:02:31,191 [WARN] ConditionMgr:1039 - genDependencies : Invalid condition id : UX DEVICE CLASS RTOS Condition cause : null
2023-07-14 17:02:31,191 [WARN] ConditionMgr:1039 - genDependencies : Invalid condition id : UX DEVICE CLASS RTOS Condition cause : null
2023-07-14 17:02:31,207 [WARN] PackLoader:240 - Cannot read IP mode file for STMicroelectronics.X-CUBE-DISPLAY.3.0.0
2023-07-14 17:02:31,224 [WARN] PackLoader:240 - Cannot read IP mode file for emotas.I-CUBE-CANOPEN.1.3.0
2023-07-14 17:02:31,233 [WARN] PackLoader:240 - Cannot read IP mode file for STMicroelectronics.X-CUBE-TOUCHGFX.4.22.0
2023-07-14 17:02:31,241 [WARN] PackLoader:240 - Cannot read IP mode file for STMicroelectronics.X-CUBE-NFC7.1.0.1
2023-07-14 17:02:31,255 [WARN] PackLoader:240 - Cannot read IP mode file for STMicroelectronics.X-CUBE-EEPRMA1.4.1.0
2023-07-14 17:02:31,313 [INFO] LogOutputStream:77 - [STDOUT_REDIRECT] 1 : Invalid condition id : UX_CORESTACK_Condition cause : null
2023-07-14 17:02:31,314 [INFO] LogOutputStream:77 - [STDOUT_REDIRECT] 1 : Invalid condition id : UX_CORESTACK_Condition cause : null
2023-07-14 17:02:31,317 [INFO] LogOutputStream:77 - [STDOUT_REDIRECT] 1 : Invalid condition id : UX_CORESTACK_Condition cause : null
2023-07-14 17:02:31,321 [INFO] LogOutputStream:77 - [STDOUT_REDIRECT] 1 : Invalid condition id : UX_CORESTACK_Condition cause : null
2023-07-14 17:02:31,324 [INFO] LogOutputStream:77 - [STDOUT_REDIRECT] 1 : Invalid condition id : UX_CORESTACK_Condition cause : null
2023-07-14 17:02:31,331 [WARN] PackLoader:240 - Cannot read IP mode file for STMicroelectronics.X-CUBE-AZRTOS-WL.2.0.0
2023-07-14 17:02:31,374 [WARN] ConditionMgr:438 - getConditionDescription Invalid condition id : LAN8742 Phy interface Condition cause : null
2023-07-14 17:02:31,375 [WARN] PackLoader:240 - Cannot read IP mode file for STMicroelectronics.X-CUBE-AZRTOS-L4.2.0.0
2023-07-14 17:02:31,377 [WARN] ConditionMgr:1039 - genDependencies : Invalid condition id : LAN8742 Phy interface Condition cause : null
2023-07-14 17:02:31,378 [WARN] ConditionMgr:1039 - genDependencies : Invalid condition id : LAN8742 Phy interface Condition cause : null
2023-07-14 17:02:31,379 [WARN] ConditionMgr:1039 - genDependencies : Invalid condition id : LAN8742 Phy interface Condition cause : null
2023-07-14 17:02:31,412 [WARN] PackLoader:240 - Cannot read IP mode file for WES.I-CUBE-Cesium.1.3.0
2023-07-14 17:02:31,425 [WARN] PackLoader:240 - Cannot read IP mode file for STMicroelectronics.X-CUBE-SFXS2LP1.4.0.0
2023-07-14 17:02:31,436 [WARN] PackLoader:240 - Cannot read IP mode file for STMicroelectronics.X-CUBE-BLE2.3.3.0
2023-07-14 17:02:31,447 [WARN] PackLoader:240 - Cannot read IP mode file for STMicroelectronics.X-CUBE-ISPU.1.1.0
2023-07-14 17:02:31,460 [WARN] PackLoader:240 - Cannot read IP mode file for STMicroelectronics.X-CUBE-FREERTOS.1.0.1
2023-07-14 17:02:31,471 [WARN] PackLoader:240 - Cannot read IP mode file for STMicroelectronics.X-CUBE-ALGOBUILD.1.3.0
2023-07-14 17:02:31,501 [WARN] PackLoader:240 - Cannot read IP mode file for STMicroelectronics.X-CUBE-AZRTOS-L5.1.1.0
2023-07-14 17:02:31,533 [WARN] PackLoader:240 - Cannot read IP mode file for STMicroelectronics.X-CUBE-AZRTOS-G0.1.1.0
2023-07-14 17:02:31,548 [WARN] PackLoader:240 - Cannot read IP mode file for STMicroelectronics.X-CUBE-AI.8.0.1
2023-07-14 17:02:31,564 [WARN] PackLoader:240 - Cannot read IP mode file for STMicroelectronics.X-CUBE-SUBG2.5.0.0
2023-07-14 17:02:31,579 [WARN] PackLoader:240 - Cannot read IP mode file for STMicroelectronics.X-CUBE-NFC4.3.0.0
2023-07-14 17:02:31,615 [WARN] PackLoader:240 - Cannot read IP mode file for STMicroelectronics.X-CUBE-AZRTOS-G4.2.0.0
2023-07-14 17:02:31,648 [WARN] PackLoader:240 - Cannot read IP mode file for STMicroelectronics.X-CUBE-TOF1.3.3.0
2023-07-14 17:02:31,675 [WARN] PackLoader:240 - Cannot read IP mode file for STMicroelectronics.FP-ATR-SIGFOX1.3.2.0
2023-07-14 17:02:31,726 [WARN] PackLoader:240 - Cannot read IP mode file for portGmbH.I-Cube-SoM-uGOAL.1.1.0
2023-07-14 17:02:31,741 [WARN] PackLoader:240 - Cannot read IP mode file for STMicroelectronics.X-CUBE-ALS.1.0.1
2023-07-14 17:02:31,767 [WARN] PackLoader:240 - Cannot read IP mode file for STMicroelectronics.X-CUBE-AZRTOS-WB.1.1.0
2023-07-14 17:02:31,820 [WARN] PackLoader:240 - Cannot read IP mode file for SEGGER.I-CUBE-embOS.1.3.1
2023-07-14 17:02:31,902 [WARN] PackLoader:240 - Cannot read IP mode file for STMicroelectronics.FP-ATR-ASTRA1.2.0.0
2023-07-14 17:02:31,904 [INFO] ThirdParty:978 - Integrity check success = true
2023-07-14 17:02:31,904 [INFO] IntegrityCheckThread:100 - exiting critical section [integrity check]
2023-07-14 17:02:31,904 [INFO] IntegrityCheckThread:103 - End integrity checks thread
2023-07-14 17:02:31,968 [INFO] WebApp:753 - Register for checkConnection events
2023-07-14 17:02:31,968 [INFO] WebApp:390 - Apply proxy settings
2023-07-14 17:02:31,968 [INFO] WebApp:475 - Chromium requires no authentication
2023-07-14 17:02:31,981 [INFO] WebApp:418 - Direct internet connection detected
2023-07-14 17:02:32,321 [INFO] WebApp:188 - Starting web application
2023-07-14 17:02:32,322 [INFO] WebApp:520 - Web application path used C:\ST\STM32CubeIDE_1.12.1\STM32CubeIDE\plugins\com.st.stm32cube.common.mx_6.9.0.202307051724\db\plugins\mcufinder\reactClient1\index.html
2023-07-14 17:02:33,776 [ERROR] LogOutputStream:75 - [STDERR_REDIRECT] 
2023-07-14 17:03:59,970 [INFO] Activator:176 - 


2023-07-14 17:03:59,973 [INFO] Activator:177 - !SESSION log4j initialized
2023-07-14 17:04:04,951 [INFO] LogOutputStream:77 - [STDOUT_REDIRECT] 
2023-07-14 17:04:06,184 [INFO] ApplicationProperties:184 - Using Application install path: C:\ST\STM32CubeIDE_1.12.1\STM32CubeIDE\plugins\com.st.stm32cube.common.mx_6.9.0.202307051724
2023-07-14 17:04:06,207 [INFO] DbMcusXml:78 - Set database path to: C:\ST\STM32CubeIDE_1.12.1\STM32CubeIDE\plugins\com.st.stm32cube.common.mx_6.9.0.202307051724\\db\/mcu/
2023-07-14 17:04:06,207 [INFO] ApiDb:274 - Set plugin database path to: C:\ST\STM32CubeIDE_1.12.1\STM32CubeIDE\plugins\com.st.stm32cube.common.mx_6.9.0.202307051724\\db\/plugins/boardmanager/
2023-07-14 17:04:06,208 [WARN] ApiDb:259 - Overriding images path with different value:  => C:\ST\STM32CubeIDE_1.12.1\STM32CubeIDE\plugins\com.st.stm32cube.common.mx_6.9.0.202307051724\\db\/plugins/mcufinder/images/
2023-07-14 17:04:06,222 [INFO] ApiDb:250 - Set database path to: C:\Users\cristian.tirziu\.stmcufinder\plugins\mcufinder//mcu/
2023-07-14 17:04:06,224 [INFO] DbMcusAds:125 - Set database path to: C:\Users\cristian.tirziu\.stmcufinder\plugins\mcufinder//mcu/
2023-07-14 17:04:06,228 [INFO] CrossReferenceDbSqlite:203 - Set database path to: C:\Users\cristian.tirziu\.stmcufinder\plugins\mcufinder//mcu/cs/
2023-07-14 17:04:06,395 [INFO] RulesReader:64 - Compatibility file has been processed (293 Rules)
2023-07-14 17:04:06,517 [INFO] DbMcusXml:78 - Set database path to: C:\ST\STM32CubeIDE_1.12.1\STM32CubeIDE\plugins\com.st.stm32cube.common.mx_6.9.0.202307051724\\db\/mcu/
2023-07-14 17:04:06,517 [INFO] ApiDb:274 - Set plugin database path to: C:\ST\STM32CubeIDE_1.12.1\STM32CubeIDE\plugins\com.st.stm32cube.common.mx_6.9.0.202307051724\\db\/plugins/boardmanager/
2023-07-14 17:04:06,517 [INFO] ApiDb:261 - Set plugin images path to: C:\ST\STM32CubeIDE_1.12.1\STM32CubeIDE\plugins\com.st.stm32cube.common.mx_6.9.0.202307051724\\db\/plugins/mcufinder/images/
2023-07-14 17:04:06,517 [WARN] DbFile:41 - Overriding database path with different value: C:\Users\cristian.tirziu\.stmcufinder\plugins\mcufinder/ => C:\Users\cristian.tirziu\.stmcufinder\plugins\mcufinder
2023-07-14 17:04:06,517 [INFO] ApiDb:250 - Set database path to: C:\Users\cristian.tirziu\.stmcufinder\plugins\mcufinder//mcu/
2023-07-14 17:04:06,517 [WARN] DbFile:41 - Overriding database path with different value: C:\Users\cristian.tirziu\.stmcufinder\plugins\mcufinder/ => C:\Users\cristian.tirziu\.stmcufinder\plugins\mcufinder
2023-07-14 17:04:06,518 [INFO] DbMcusAds:125 - Set database path to: C:\Users\cristian.tirziu\.stmcufinder\plugins\mcufinder//mcu/
2023-07-14 17:04:06,518 [WARN] DbFile:41 - Overriding database path with different value: C:\Users\cristian.tirziu\.stmcufinder\plugins\mcufinder/ => C:\Users\cristian.tirziu\.stmcufinder\plugins\mcufinder
2023-07-14 17:04:06,518 [WARN] DbFile:41 - Overriding database path with different value: C:\Users\cristian.tirziu\.stmcufinder\plugins\mcufinder/ => C:\Users\cristian.tirziu\.stmcufinder\plugins\mcufinder
2023-07-14 17:04:06,518 [INFO] CrossReferenceDbSqlite:203 - Set database path to: C:\Users\cristian.tirziu\.stmcufinder\plugins\mcufinder//mcu/cs/
2023-07-14 17:04:06,608 [INFO] MainPanel:262 - HeapMemory: 268435456
2023-07-14 17:04:06,681 [INFO] DbMcusXml:78 - Set database path to: C:\ST\STM32CubeIDE_1.12.1\STM32CubeIDE\plugins\com.st.stm32cube.common.mx_6.9.0.202307051724\\db\/mcu/
2023-07-14 17:04:06,681 [INFO] ApiDb:274 - Set plugin database path to: C:\ST\STM32CubeIDE_1.12.1\STM32CubeIDE\plugins\com.st.stm32cube.common.mx_6.9.0.202307051724\\db\/plugins/boardmanager/
2023-07-14 17:04:06,681 [INFO] ApiDb:261 - Set plugin images path to: C:\ST\STM32CubeIDE_1.12.1\STM32CubeIDE\plugins\com.st.stm32cube.common.mx_6.9.0.202307051724\\db\/plugins/mcufinder/images/
2023-07-14 17:04:06,683 [WARN] DbFile:41 - Overriding database path with different value: C:\Users\cristian.tirziu\.stmcufinder\plugins\mcufinder/ => C:\Users\cristian.tirziu\.stmcufinder\plugins\mcufinder
2023-07-14 17:04:06,683 [INFO] ApiDb:250 - Set database path to: C:\Users\cristian.tirziu\.stmcufinder\plugins\mcufinder//mcu/
2023-07-14 17:04:06,683 [WARN] DbFile:41 - Overriding database path with different value: C:\Users\cristian.tirziu\.stmcufinder\plugins\mcufinder/ => C:\Users\cristian.tirziu\.stmcufinder\plugins\mcufinder
2023-07-14 17:04:06,683 [INFO] DbMcusAds:125 - Set database path to: C:\Users\cristian.tirziu\.stmcufinder\plugins\mcufinder//mcu/
2023-07-14 17:04:06,683 [WARN] DbFile:41 - Overriding database path with different value: C:\Users\cristian.tirziu\.stmcufinder\plugins\mcufinder/ => C:\Users\cristian.tirziu\.stmcufinder\plugins\mcufinder
2023-07-14 17:04:06,684 [WARN] DbFile:41 - Overriding database path with different value: C:\Users\cristian.tirziu\.stmcufinder\plugins\mcufinder/ => C:\Users\cristian.tirziu\.stmcufinder\plugins\mcufinder
2023-07-14 17:04:06,684 [INFO] CrossReferenceDbSqlite:203 - Set database path to: C:\Users\cristian.tirziu\.stmcufinder\plugins\mcufinder//mcu/cs/
2023-07-14 17:04:06,705 [INFO] ApplicationProperties:184 - Using Application install path: C:\ST\STM32CubeIDE_1.12.1\STM32CubeIDE\plugins\com.st.stm32cube.common.mx_6.9.0.202307051724
2023-07-14 17:04:06,707 [INFO] PluginManage:196 - Search for loadable plugins [exclusion list=, ]
2023-07-14 17:04:06,708 [INFO] PluginManage:310 - Check plugin analytics
2023-07-14 17:04:06,894 [INFO] AnalyticsPlugin:253 - Accepted Software Licenses: 
2023-07-14 17:04:06,894 [INFO] AnalyticsPlugin:255 - Accepted CMSIS Pack Licenses: 
2023-07-14 17:04:06,895 [INFO] AnalyticsPlugin:257 - Accepted Firmware Licenses: 
2023-07-14 17:04:06,899 [INFO] PluginManage:359 - Loaded plugin analytics (category:tool,tabindex:-1)
2023-07-14 17:04:06,900 [INFO] PluginManage:310 - Check plugin cadmodel
2023-07-14 17:04:06,905 [INFO] CADModel:105 - Init CAD model plugin
2023-07-14 17:04:06,905 [INFO] PluginManage:359 - Loaded plugin cadmodel (category:power,tabindex:5)
2023-07-14 17:04:06,905 [INFO] PluginManage:310 - Check plugin clock
2023-07-14 17:04:06,916 [INFO] PluginManage:359 - Loaded plugin clock (category:base,tabindex:2)
2023-07-14 17:04:06,917 [INFO] PluginManage:310 - Check plugin ddr
2023-07-14 17:04:06,919 [INFO] PluginManage:359 - Loaded plugin ddr (category:tool,tabindex:6)
2023-07-14 17:04:06,919 [INFO] PluginManage:310 - Check plugin filemanager
2023-07-14 17:04:07,085 [INFO] PluginManage:359 - Loaded plugin filemanager (category:base,tabindex:10)
2023-07-14 17:04:07,085 [INFO] PluginManage:310 - Check plugin ipmanager
2023-07-14 17:04:07,098 [INFO] PluginManage:359 - Loaded plugin ipmanager (category:base,tabindex:5)
2023-07-14 17:04:07,098 [INFO] PluginManage:310 - Check plugin lpbam
2023-07-14 17:04:07,110 [INFO] PluginManage:359 - Loaded plugin lpbam (category:base,tabindex:0)
2023-07-14 17:04:07,110 [INFO] PluginManage:310 - Check plugin memorymap
2023-07-14 17:04:07,128 [INFO] PluginManage:359 - Loaded plugin memorymap (category:base,tabindex:4)
2023-07-14 17:04:07,128 [INFO] PluginManage:310 - Check plugin pinoutandconfiguration
2023-07-14 17:04:07,140 [INFO] PluginManage:359 - Loaded plugin pinoutandconfiguration (category:base,tabindex:1)
2023-07-14 17:04:07,141 [INFO] PluginManage:310 - Check plugin pinoutconfig
2023-07-14 17:04:07,316 [WARN] SupportedApi:132 - Cannot load RTOS API schema: s4s-elt-must-match.1: The content of 'definitions' must match (annotation?, (simpleType | complexType)?, (unique | key | keyref)*)). A problem was found starting at: attribute.
2023-07-14 17:04:07,583 [INFO] PluginManage:359 - Loaded plugin pinoutconfig (category:base,tabindex:0)
2023-07-14 17:04:07,583 [INFO] PluginManage:310 - Check plugin power
2023-07-14 17:04:07,598 [INFO] PluginManage:359 - Loaded plugin power (category:power,tabindex:4)
2023-07-14 17:04:07,598 [INFO] PluginManage:310 - Check plugin projectmanager
2023-07-14 17:04:07,624 [INFO] PluginManage:359 - Loaded plugin projectmanager (category:projectmanager,tabindex:3)
2023-07-14 17:04:07,625 [INFO] PluginManage:310 - Check plugin thirdparty
2023-07-14 17:04:07,851 [WARN] IntegrityCheckThread:84 - waiting for thirdparty lock release [integrity check]
2023-07-14 17:04:07,852 [INFO] IntegrityCheckThread:86 - entering critical section [integrity check]
2023-07-14 17:04:07,852 [INFO] PluginManage:359 - Loaded plugin thirdparty (category:base,tabindex:-1)
2023-07-14 17:04:07,852 [INFO] PluginManage:310 - Check plugin tools
2023-07-14 17:04:07,853 [INFO] ThirdPartyUpdaterWithRetryManager:70 - Updater plugin not ready yet. [1/15]
2023-07-14 17:04:07,857 [INFO] PluginManage:359 - Loaded plugin tools (category:base,tabindex:7)
2023-07-14 17:04:07,857 [INFO] PluginManage:310 - Check plugin tutovideos
2023-07-14 17:04:08,077 [INFO] PluginManage:359 - Loaded plugin tutovideos (category:base,tabindex:-1)
2023-07-14 17:04:08,077 [INFO] PluginManage:310 - Check plugin updater
2023-07-14 17:04:08,093 [INFO] PluginManage:359 - Loaded plugin updater (category:base,tabindex:12)
2023-07-14 17:04:08,093 [INFO] PluginManage:310 - Check plugin userauth
2023-07-14 17:04:08,099 [INFO] UserAuth:113 - Init User Auth plugin
2023-07-14 17:04:08,099 [INFO] PluginManage:359 - Loaded plugin userauth (category:base,tabindex:14)
2023-07-14 17:04:08,099 [INFO] PluginManage:283 - PluginManage : Loaded plugins [17]
2023-07-14 17:04:08,363 [INFO] PinOutPanel:1499 - setPackage(No Configuration,No Configuration)
2023-07-14 17:04:08,535 [INFO] CADModel:165 - CPN selected for project level
2023-07-14 17:04:08,535 [INFO] CADModel:114 - Register for checkConnection events
2023-07-14 17:04:08,553 [INFO] IPUIPlugin:80 - create IPUIPlugin
2023-07-14 17:04:08,553 [INFO] PluginManager:220 - loadIPPluginJar : add adc
2023-07-14 17:04:08,556 [INFO] IPUIPlugin:80 - create IPUIPlugin
2023-07-14 17:04:08,556 [INFO] PluginManager:220 - loadIPPluginJar : add aes
2023-07-14 17:04:08,559 [INFO] IPUIPlugin:80 - create IPUIPlugin
2023-07-14 17:04:08,559 [INFO] PluginManager:220 - loadIPPluginJar : add can
2023-07-14 17:04:08,562 [INFO] IPUIPlugin:80 - create IPUIPlugin
2023-07-14 17:04:08,562 [INFO] PluginManager:220 - loadIPPluginJar : add comp
2023-07-14 17:04:08,565 [INFO] IPUIPlugin:80 - create IPUIPlugin
2023-07-14 17:04:08,565 [INFO] PluginManager:220 - loadIPPluginJar : add cryp
2023-07-14 17:04:08,568 [INFO] IPUIPlugin:80 - create IPUIPlugin
2023-07-14 17:04:08,568 [INFO] PluginManager:220 - loadIPPluginJar : add dfsdm
2023-07-14 17:04:08,574 [INFO] IPUIPlugin:80 - create IPUIPlugin
2023-07-14 17:04:08,575 [INFO] PluginManager:220 - loadIPPluginJar : add dma
2023-07-14 17:04:08,577 [INFO] IPUIPlugin:80 - create IPUIPlugin
2023-07-14 17:04:08,578 [INFO] PluginManager:220 - loadIPPluginJar : add dma3
2023-07-14 17:04:08,580 [INFO] IPUIPlugin:80 - create IPUIPlugin
2023-07-14 17:04:08,580 [INFO] PluginManager:220 - loadIPPluginJar : add fatfs
2023-07-14 17:04:08,586 [INFO] IPUIPlugin:80 - create IPUIPlugin
2023-07-14 17:04:08,586 [INFO] PluginManager:220 - loadIPPluginJar : add fmc
2023-07-14 17:04:08,592 [INFO] IPUIPlugin:80 - create IPUIPlugin
2023-07-14 17:04:08,592 [INFO] PluginManager:220 - loadIPPluginJar : add freertos
2023-07-14 17:04:08,593 [INFO] IPUIPlugin:80 - create IPUIPlugin
2023-07-14 17:04:08,594 [INFO] PluginManager:220 - loadIPPluginJar : add genericplugin
2023-07-14 17:04:08,596 [INFO] IPUIPlugin:80 - create IPUIPlugin
2023-07-14 17:04:08,596 [INFO] PluginManager:220 - loadIPPluginJar : add gfxmmu
2023-07-14 17:04:08,602 [INFO] IPUIPlugin:80 - create IPUIPlugin
2023-07-14 17:04:08,602 [INFO] PluginManager:220 - loadIPPluginJar : add gic
2023-07-14 17:04:08,626 [INFO] IPUIPlugin:80 - create IPUIPlugin
2023-07-14 17:04:08,626 [INFO] PluginManager:220 - loadIPPluginJar : add gpio
2023-07-14 17:04:08,631 [INFO] IPUIPlugin:80 - create IPUIPlugin
2023-07-14 17:04:08,631 [INFO] PluginManager:220 - loadIPPluginJar : add gtzc
2023-07-14 17:04:08,634 [INFO] IPUIPlugin:80 - create IPUIPlugin
2023-07-14 17:04:08,634 [INFO] PluginManager:220 - loadIPPluginJar : add hash
2023-07-14 17:04:08,638 [INFO] IPUIPlugin:80 - create IPUIPlugin
2023-07-14 17:04:08,639 [INFO] PluginManager:220 - loadIPPluginJar : add i2c
2023-07-14 17:04:08,643 [INFO] IPUIPlugin:80 - create IPUIPlugin
2023-07-14 17:04:08,643 [INFO] PluginManager:220 - loadIPPluginJar : add i2s
2023-07-14 17:04:08,646 [INFO] IPUIPlugin:80 - create IPUIPlugin
2023-07-14 17:04:08,646 [INFO] PluginManager:220 - loadIPPluginJar : add i3c
2023-07-14 17:04:08,650 [INFO] IPUIPlugin:80 - create IPUIPlugin
2023-07-14 17:04:08,650 [INFO] PluginManager:220 - loadIPPluginJar : add ipddr
2023-07-14 17:04:08,665 [INFO] IPUIPlugin:80 - create IPUIPlugin
2023-07-14 17:04:08,666 [INFO] PluginManager:220 - loadIPPluginJar : add linkedlist
2023-07-14 17:04:08,669 [INFO] IPUIPlugin:80 - create IPUIPlugin
2023-07-14 17:04:08,669 [INFO] PluginManager:220 - loadIPPluginJar : add lorawan
2023-07-14 17:04:08,672 [INFO] IPUIPlugin:80 - create IPUIPlugin
2023-07-14 17:04:08,672 [INFO] PluginManager:220 - loadIPPluginJar : add ltdc
2023-07-14 17:04:08,681 [INFO] IPUIPlugin:80 - create IPUIPlugin
2023-07-14 17:04:08,682 [INFO] PluginManager:220 - loadIPPluginJar : add mdma
2023-07-14 17:04:08,687 [INFO] IPUIPlugin:80 - create IPUIPlugin
2023-07-14 17:04:08,687 [INFO] PluginManager:220 - loadIPPluginJar : add nvic
2023-07-14 17:04:08,691 [INFO] IPUIPlugin:80 - create IPUIPlugin
2023-07-14 17:04:08,692 [INFO] PluginManager:220 - loadIPPluginJar : add opamp
2023-07-14 17:04:08,696 [INFO] IPUIPlugin:80 - create IPUIPlugin
2023-07-14 17:04:08,696 [INFO] PluginManager:220 - loadIPPluginJar : add openamp
2023-07-14 17:04:08,700 [INFO] IPUIPlugin:80 - create IPUIPlugin
2023-07-14 17:04:08,700 [INFO] PluginManager:220 - loadIPPluginJar : add pdm2pcm
2023-07-14 17:04:08,709 [INFO] IPUIPlugin:80 - create IPUIPlugin
2023-07-14 17:04:08,711 [INFO] PluginManager:220 - loadIPPluginJar : add plateformsettings
2023-07-14 17:04:08,714 [INFO] IPUIPlugin:80 - create IPUIPlugin
2023-07-14 17:04:08,714 [INFO] PluginManager:220 - loadIPPluginJar : add quadspi
2023-07-14 17:04:08,718 [INFO] IPUIPlugin:80 - create IPUIPlugin
2023-07-14 17:04:08,719 [INFO] PluginManager:220 - loadIPPluginJar : add resmgrutility
2023-07-14 17:04:08,722 [INFO] IPUIPlugin:80 - create IPUIPlugin
2023-07-14 17:04:08,722 [INFO] PluginManager:220 - loadIPPluginJar : add sai
2023-07-14 17:04:08,726 [INFO] IPUIPlugin:80 - create IPUIPlugin
2023-07-14 17:04:08,726 [INFO] PluginManager:220 - loadIPPluginJar : add spi
2023-07-14 17:04:08,734 [INFO] IPUIPlugin:80 - create IPUIPlugin
2023-07-14 17:04:08,734 [INFO] PluginManager:220 - loadIPPluginJar : add stm32_wpan
2023-07-14 17:04:08,737 [INFO] IPUIPlugin:80 - create IPUIPlugin
2023-07-14 17:04:08,737 [INFO] PluginManager:220 - loadIPPluginJar : add tim
2023-07-14 17:04:08,742 [INFO] IPUIPlugin:80 - create IPUIPlugin
2023-07-14 17:04:08,743 [INFO] PluginManager:220 - loadIPPluginJar : add touchsensing
2023-07-14 17:04:08,746 [INFO] IPUIPlugin:80 - create IPUIPlugin
2023-07-14 17:04:08,746 [INFO] PluginManager:220 - loadIPPluginJar : add tracer_emb
2023-07-14 17:04:08,749 [INFO] IPUIPlugin:80 - create IPUIPlugin
2023-07-14 17:04:08,749 [INFO] PluginManager:220 - loadIPPluginJar : add ts
2023-07-14 17:04:08,751 [INFO] IPUIPlugin:80 - create IPUIPlugin
2023-07-14 17:04:08,751 [INFO] PluginManager:220 - loadIPPluginJar : add tsc
2023-07-14 17:04:08,754 [INFO] IPUIPlugin:80 - create IPUIPlugin
2023-07-14 17:04:08,754 [INFO] PluginManager:220 - loadIPPluginJar : add ucpd
2023-07-14 17:04:08,758 [INFO] IPUIPlugin:80 - create IPUIPlugin
2023-07-14 17:04:08,759 [INFO] PluginManager:220 - loadIPPluginJar : add usart
2023-07-14 17:04:08,762 [INFO] IPUIPlugin:80 - create IPUIPlugin
2023-07-14 17:04:08,763 [INFO] PluginManager:220 - loadIPPluginJar : add usbx
2023-07-14 17:04:08,913 [INFO] CADModel:165 - CPN selected for project level
2023-07-14 17:04:08,913 [INFO] CADModel:114 - Register for checkConnection events
2023-07-14 17:04:08,913 [FATAL] Updater:308 - Updater called before beeing initialized
2023-07-14 17:04:08,913 [ERROR] CADModel:125 - Updater not yet initialized, retry later 
2023-07-14 17:04:09,056 [INFO] CADModel:165 - CPN selected for project level
2023-07-14 17:04:09,056 [INFO] CADModel:114 - Register for checkConnection events
2023-07-14 17:04:09,056 [FATAL] Updater:308 - Updater called before beeing initialized
2023-07-14 17:04:09,056 [ERROR] CADModel:125 - Updater not yet initialized, retry later 
2023-07-14 17:04:09,060 [FATAL] Updater:308 - Updater called before beeing initialized
2023-07-14 17:04:09,239 [FATAL] Updater:308 - Updater called before beeing initialized
2023-07-14 17:04:09,249 [INFO] DbMcusAds:53 - JSON generation date=Thu Sep 30 09:55:09 EEST 2021 (1632984909247)
2023-07-14 17:04:09,250 [FATAL] Updater:308 - Updater called before beeing initialized
2023-07-14 17:04:09,308 [WARN] DetailPanel:346 - Failed to get advertising image, set to default
2023-07-14 17:04:09,476 [FATAL] Updater:308 - Updater called before beeing initialized
2023-07-14 17:04:09,478 [FATAL] Updater:308 - Updater called before beeing initialized
2023-07-14 17:04:09,478 [FATAL] Updater:308 - Updater called before beeing initialized
2023-07-14 17:04:09,479 [WARN] DetailPanel:346 - Failed to get advertising image, set to default
2023-07-14 17:04:09,479 [FATAL] Updater:308 - Updater called before beeing initialized
2023-07-14 17:04:09,535 [ERROR] Updater:1120 - MainUpdater not yet initialized. External WinMGr cannot be set.
2023-07-14 17:04:09,537 [INFO] Updater:1056 - Updater Version found : 6.9.0
2023-07-14 17:04:09,556 [INFO] ApplicationProperties:184 - Using Application install path: C:\ST\STM32CubeIDE_1.12.1\STM32CubeIDE\plugins\com.st.stm32cube.common.mx_6.9.0.202307051724
2023-07-14 17:04:09,853 [INFO] MainUpdater:2868 - connection check result : 10
2023-07-14 17:04:09,854 [INFO] MainUpdater:285 - Updater Check For Update Now.
2023-07-14 17:04:09,855 [INFO] MicroXplorer:498 - Change Database Version : DB.6.0.90
2023-07-14 17:04:09,866 [INFO] McuFinderGlobals:63 - Set McuFinder mode to 2 (CubeIDE integrated)
2023-07-14 17:04:09,867 [INFO] UserAuth:179 - activating auth plugin
2023-07-14 17:04:09,871 [INFO] UserAuth:393 - Internet connection configuration mode: 1
2023-07-14 17:04:09,894 [INFO] JxBrowserEngine:151 - Initiate JxBrowser Engine with user profile folder
2023-07-14 17:04:10,100 [INFO] CheckServerUpdateThread:120 - End of CheckServer Thread
2023-07-14 17:04:10,842 [INFO] WebApp:157 - Instantiating new browser for Auth
2023-07-14 17:04:11,259 [WARN] PackLoader:240 - Cannot read IP mode file for STMicroelectronics.X-CUBE-GNSS1.6.0.0
2023-07-14 17:04:11,311 [WARN] PackLoader:240 - Cannot read IP mode file for STMicroelectronics.X-CUBE-AZRTOS-F4.1.1.0
2023-07-14 17:04:11,334 [WARN] PackLoader:240 - Cannot read IP mode file for STMicroelectronics.X-CUBE-SMBUS.2.1.0
2023-07-14 17:04:11,374 [WARN] PackLoader:240 - Cannot read IP mode file for STMicroelectronics.X-CUBE-AZRTOS-F7.1.1.0
2023-07-14 17:04:11,498 [WARN] PackLoader:240 - Cannot read IP mode file for STMicroelectronics.X-CUBE-MEMS1.9.6.0
2023-07-14 17:04:11,793 [WARN] PackLoader:240 - Cannot read IP mode file for STMicroelectronics.FP-SNS-MOTENV1.4.3.2
2023-07-14 17:04:11,803 [WARN] PackLoader:240 - Cannot read IP mode file for STMicroelectronics.FP-SNS-FLIGHT1.5.0.1
2023-07-14 17:04:11,812 [WARN] PackLoader:240 - Cannot read IP mode file for STMicroelectronics.X-CUBE-BLE1.6.2.4
2023-07-14 17:04:11,821 [WARN] PackLoader:240 - Cannot read IP mode file for STMicroelectronics.X-CUBE-BLEMGR.2.0.0
2023-07-14 17:04:11,854 [WARN] ConditionMgr:438 - getConditionDescription Invalid condition id : UX DEVICE CLASS RTOS Condition cause : null
2023-07-14 17:04:11,855 [WARN] ConditionMgr:438 - getConditionDescription Invalid condition id : UX DEVICE CLASS RTOS Condition cause : null
2023-07-14 17:04:11,868 [WARN] PackLoader:240 - Cannot read IP mode file for STMicroelectronics.X-CUBE-AZRTOS-H7.3.1.0
2023-07-14 17:04:11,872 [WARN] ConditionMgr:1039 - genDependencies : Invalid condition id : UX DEVICE CLASS RTOS Condition cause : null
2023-07-14 17:04:11,872 [WARN] ConditionMgr:1039 - genDependencies : Invalid condition id : UX DEVICE CLASS RTOS Condition cause : null
2023-07-14 17:04:11,873 [WARN] ConditionMgr:1039 - genDependencies : Invalid condition id : UX DEVICE CLASS RTOS Condition cause : null
2023-07-14 17:04:11,874 [WARN] ConditionMgr:1039 - genDependencies : Invalid condition id : UX DEVICE CLASS RTOS Condition cause : null
2023-07-14 17:04:11,874 [WARN] ConditionMgr:1039 - genDependencies : Invalid condition id : UX DEVICE CLASS RTOS Condition cause : null
2023-07-14 17:04:11,889 [WARN] PackLoader:240 - Cannot read IP mode file for STMicroelectronics.X-CUBE-DISPLAY.3.0.0
2023-07-14 17:04:11,905 [WARN] PackLoader:240 - Cannot read IP mode file for emotas.I-CUBE-CANOPEN.1.3.0
2023-07-14 17:04:11,914 [WARN] PackLoader:240 - Cannot read IP mode file for STMicroelectronics.X-CUBE-TOUCHGFX.4.22.0
2023-07-14 17:04:11,923 [WARN] PackLoader:240 - Cannot read IP mode file for STMicroelectronics.X-CUBE-NFC7.1.0.1
2023-07-14 17:04:11,935 [WARN] PackLoader:240 - Cannot read IP mode file for STMicroelectronics.X-CUBE-EEPRMA1.4.1.0
2023-07-14 17:04:11,955 [INFO] LogOutputStream:77 - [STDOUT_REDIRECT] 1 : Invalid condition id : UX_CORESTACK_Condition cause : null
2023-07-14 17:04:11,956 [INFO] LogOutputStream:77 - [STDOUT_REDIRECT] 1 : Invalid condition id : UX_CORESTACK_Condition cause : null
2023-07-14 17:04:11,960 [INFO] LogOutputStream:77 - [STDOUT_REDIRECT] 1 : Invalid condition id : UX_CORESTACK_Condition cause : null
2023-07-14 17:04:11,963 [INFO] LogOutputStream:77 - [STDOUT_REDIRECT] 1 : Invalid condition id : UX_CORESTACK_Condition cause : null
2023-07-14 17:04:11,966 [INFO] LogOutputStream:77 - [STDOUT_REDIRECT] 1 : Invalid condition id : UX_CORESTACK_Condition cause : null
2023-07-14 17:04:11,971 [WARN] PackLoader:240 - Cannot read IP mode file for STMicroelectronics.X-CUBE-AZRTOS-WL.2.0.0
2023-07-14 17:04:12,006 [WARN] ConditionMgr:438 - getConditionDescription Invalid condition id : LAN8742 Phy interface Condition cause : null
2023-07-14 17:04:12,008 [WARN] PackLoader:240 - Cannot read IP mode file for STMicroelectronics.X-CUBE-AZRTOS-L4.2.0.0
2023-07-14 17:04:12,009 [WARN] ConditionMgr:1039 - genDependencies : Invalid condition id : LAN8742 Phy interface Condition cause : null
2023-07-14 17:04:12,010 [WARN] ConditionMgr:1039 - genDependencies : Invalid condition id : LAN8742 Phy interface Condition cause : null
2023-07-14 17:04:12,028 [WARN] ConditionMgr:1039 - genDependencies : Invalid condition id : LAN8742 Phy interface Condition cause : null
2023-07-14 17:04:12,048 [WARN] PackLoader:240 - Cannot read IP mode file for WES.I-CUBE-Cesium.1.3.0
2023-07-14 17:04:12,067 [WARN] PackLoader:240 - Cannot read IP mode file for STMicroelectronics.X-CUBE-SFXS2LP1.4.0.0
2023-07-14 17:04:12,082 [WARN] PackLoader:240 - Cannot read IP mode file for STMicroelectronics.X-CUBE-BLE2.3.3.0
2023-07-14 17:04:12,097 [WARN] PackLoader:240 - Cannot read IP mode file for STMicroelectronics.X-CUBE-ISPU.1.1.0
2023-07-14 17:04:12,106 [WARN] PackLoader:240 - Cannot read IP mode file for STMicroelectronics.X-CUBE-FREERTOS.1.0.1
2023-07-14 17:04:12,118 [WARN] PackLoader:240 - Cannot read IP mode file for STMicroelectronics.X-CUBE-ALGOBUILD.1.3.0
2023-07-14 17:04:12,145 [WARN] PackLoader:240 - Cannot read IP mode file for STMicroelectronics.X-CUBE-AZRTOS-L5.1.1.0
2023-07-14 17:04:12,175 [WARN] PackLoader:240 - Cannot read IP mode file for STMicroelectronics.X-CUBE-AZRTOS-G0.1.1.0
2023-07-14 17:04:12,183 [WARN] PackLoader:240 - Cannot read IP mode file for STMicroelectronics.X-CUBE-AI.8.0.1
2023-07-14 17:04:12,201 [WARN] PackLoader:240 - Cannot read IP mode file for STMicroelectronics.X-CUBE-SUBG2.5.0.0
2023-07-14 17:04:12,220 [WARN] PackLoader:240 - Cannot read IP mode file for STMicroelectronics.X-CUBE-NFC4.3.0.0
2023-07-14 17:04:12,247 [WARN] PackLoader:240 - Cannot read IP mode file for STMicroelectronics.X-CUBE-AZRTOS-G4.2.0.0
2023-07-14 17:04:12,258 [INFO] WebApp:753 - Register for checkConnection events
2023-07-14 17:04:12,258 [INFO] WebApp:390 - Apply proxy settings
2023-07-14 17:04:12,259 [INFO] WebApp:475 - Chromium requires no authentication
2023-07-14 17:04:12,269 [WARN] PackLoader:240 - Cannot read IP mode file for STMicroelectronics.X-CUBE-TOF1.3.3.0
2023-07-14 17:04:12,274 [INFO] WebApp:418 - Direct internet connection detected
2023-07-14 17:04:12,294 [WARN] PackLoader:240 - Cannot read IP mode file for STMicroelectronics.FP-ATR-SIGFOX1.3.2.0
2023-07-14 17:04:12,305 [WARN] PackLoader:240 - Cannot read IP mode file for portGmbH.I-Cube-SoM-uGOAL.1.1.0
2023-07-14 17:04:12,314 [WARN] PackLoader:240 - Cannot read IP mode file for STMicroelectronics.X-CUBE-ALS.1.0.1
2023-07-14 17:04:12,364 [WARN] PackLoader:240 - Cannot read IP mode file for STMicroelectronics.X-CUBE-AZRTOS-WB.1.1.0
2023-07-14 17:04:12,422 [WARN] PackLoader:240 - Cannot read IP mode file for SEGGER.I-CUBE-embOS.1.3.1
2023-07-14 17:04:12,492 [WARN] PackLoader:240 - Cannot read IP mode file for STMicroelectronics.FP-ATR-ASTRA1.2.0.0
2023-07-14 17:04:12,494 [INFO] ThirdParty:978 - Integrity check success = true
2023-07-14 17:04:12,494 [INFO] IntegrityCheckThread:100 - exiting critical section [integrity check]
2023-07-14 17:04:12,494 [INFO] IntegrityCheckThread:103 - End integrity checks thread
2023-07-14 17:04:12,589 [INFO] WebApp:188 - Starting web application
2023-07-14 17:04:12,590 [INFO] WebApp:520 - Web application path used C:\ST\STM32CubeIDE_1.12.1\STM32CubeIDE\plugins\com.st.stm32cube.common.mx_6.9.0.202307051724\db\plugins\mcufinder\reactClient1\index.html
2023-07-14 17:04:33,250 [ERROR] LogOutputStream:75 - [STDERR_REDIRECT] SLF4J: Failed to load class "org.slf4j.impl.StaticLoggerBinder".
2023-07-14 17:04:33,251 [ERROR] LogOutputStream:75 - [STDERR_REDIRECT] SLF4J: Defaulting to no-operation (NOP) logger implementation
2023-07-14 17:04:33,252 [ERROR] LogOutputStream:75 - [STDERR_REDIRECT] SLF4J: See http://www.slf4j.org/codes.html#StaticLoggerBinder for further details.
2023-07-14 17:10:18,067 [ERROR] LogOutputStream:75 - [STDERR_REDIRECT] 
