2023-07-17 09:23:48,546 [INFO] Activator:176 - 


2023-07-17 09:23:48,552 [INFO] Activator:177 - !SESSION log4j initialized
2023-07-17 09:23:53,967 [INFO] LogOutputStream:77 - [STDOUT_REDIRECT] 
2023-07-17 09:23:55,763 [INFO] ApplicationProperties:184 - Using Application install path: C:\ST\STM32CubeIDE_1.12.1\STM32CubeIDE\plugins\com.st.stm32cube.common.mx_6.9.0.202307051724
2023-07-17 09:23:55,781 [INFO] DbMcusXml:78 - Set database path to: C:\ST\STM32CubeIDE_1.12.1\STM32CubeIDE\plugins\com.st.stm32cube.common.mx_6.9.0.202307051724\\db\/mcu/
2023-07-17 09:23:55,781 [INFO] ApiDb:274 - Set plugin database path to: C:\ST\STM32CubeIDE_1.12.1\STM32CubeIDE\plugins\com.st.stm32cube.common.mx_6.9.0.202307051724\\db\/plugins/boardmanager/
2023-07-17 09:23:55,781 [WARN] ApiDb:259 - Overriding images path with different value:  => C:\ST\STM32CubeIDE_1.12.1\STM32CubeIDE\plugins\com.st.stm32cube.common.mx_6.9.0.202307051724\\db\/plugins/mcufinder/images/
2023-07-17 09:23:55,793 [INFO] ApiDb:250 - Set database path to: C:\Users\cristian.tirziu\.stmcufinder\plugins\mcufinder//mcu/
2023-07-17 09:23:55,794 [INFO] DbMcusAds:125 - Set database path to: C:\Users\cristian.tirziu\.stmcufinder\plugins\mcufinder//mcu/
2023-07-17 09:23:55,796 [INFO] CrossReferenceDbSqlite:203 - Set database path to: C:\Users\cristian.tirziu\.stmcufinder\plugins\mcufinder//mcu/cs/
2023-07-17 09:23:55,911 [INFO] RulesReader:64 - Compatibility file has been processed (293 Rules)
2023-07-17 09:23:56,006 [INFO] DbMcusXml:78 - Set database path to: C:\ST\STM32CubeIDE_1.12.1\STM32CubeIDE\plugins\com.st.stm32cube.common.mx_6.9.0.202307051724\\db\/mcu/
2023-07-17 09:23:56,006 [INFO] ApiDb:274 - Set plugin database path to: C:\ST\STM32CubeIDE_1.12.1\STM32CubeIDE\plugins\com.st.stm32cube.common.mx_6.9.0.202307051724\\db\/plugins/boardmanager/
2023-07-17 09:23:56,006 [INFO] ApiDb:261 - Set plugin images path to: C:\ST\STM32CubeIDE_1.12.1\STM32CubeIDE\plugins\com.st.stm32cube.common.mx_6.9.0.202307051724\\db\/plugins/mcufinder/images/
2023-07-17 09:23:56,006 [WARN] DbFile:41 - Overriding database path with different value: C:\Users\cristian.tirziu\.stmcufinder\plugins\mcufinder/ => C:\Users\cristian.tirziu\.stmcufinder\plugins\mcufinder
2023-07-17 09:23:56,006 [INFO] ApiDb:250 - Set database path to: C:\Users\cristian.tirziu\.stmcufinder\plugins\mcufinder//mcu/
2023-07-17 09:23:56,006 [WARN] DbFile:41 - Overriding database path with different value: C:\Users\cristian.tirziu\.stmcufinder\plugins\mcufinder/ => C:\Users\cristian.tirziu\.stmcufinder\plugins\mcufinder
2023-07-17 09:23:56,006 [INFO] DbMcusAds:125 - Set database path to: C:\Users\cristian.tirziu\.stmcufinder\plugins\mcufinder//mcu/
2023-07-17 09:23:56,007 [WARN] DbFile:41 - Overriding database path with different value: C:\Users\cristian.tirziu\.stmcufinder\plugins\mcufinder/ => C:\Users\cristian.tirziu\.stmcufinder\plugins\mcufinder
2023-07-17 09:23:56,007 [WARN] DbFile:41 - Overriding database path with different value: C:\Users\cristian.tirziu\.stmcufinder\plugins\mcufinder/ => C:\Users\cristian.tirziu\.stmcufinder\plugins\mcufinder
2023-07-17 09:23:56,007 [INFO] CrossReferenceDbSqlite:203 - Set database path to: C:\Users\cristian.tirziu\.stmcufinder\plugins\mcufinder//mcu/cs/
2023-07-17 09:23:56,090 [INFO] MainPanel:262 - HeapMemory: 268435456
2023-07-17 09:23:56,186 [INFO] DbMcusXml:78 - Set database path to: C:\ST\STM32CubeIDE_1.12.1\STM32CubeIDE\plugins\com.st.stm32cube.common.mx_6.9.0.202307051724\\db\/mcu/
2023-07-17 09:23:56,187 [INFO] ApiDb:274 - Set plugin database path to: C:\ST\STM32CubeIDE_1.12.1\STM32CubeIDE\plugins\com.st.stm32cube.common.mx_6.9.0.202307051724\\db\/plugins/boardmanager/
2023-07-17 09:23:56,187 [INFO] ApiDb:261 - Set plugin images path to: C:\ST\STM32CubeIDE_1.12.1\STM32CubeIDE\plugins\com.st.stm32cube.common.mx_6.9.0.202307051724\\db\/plugins/mcufinder/images/
2023-07-17 09:23:56,187 [WARN] DbFile:41 - Overriding database path with different value: C:\Users\cristian.tirziu\.stmcufinder\plugins\mcufinder/ => C:\Users\cristian.tirziu\.stmcufinder\plugins\mcufinder
2023-07-17 09:23:56,187 [INFO] ApiDb:250 - Set database path to: C:\Users\cristian.tirziu\.stmcufinder\plugins\mcufinder//mcu/
2023-07-17 09:23:56,187 [WARN] DbFile:41 - Overriding database path with different value: C:\Users\cristian.tirziu\.stmcufinder\plugins\mcufinder/ => C:\Users\cristian.tirziu\.stmcufinder\plugins\mcufinder
2023-07-17 09:23:56,187 [INFO] DbMcusAds:125 - Set database path to: C:\Users\cristian.tirziu\.stmcufinder\plugins\mcufinder//mcu/
2023-07-17 09:23:56,188 [WARN] DbFile:41 - Overriding database path with different value: C:\Users\cristian.tirziu\.stmcufinder\plugins\mcufinder/ => C:\Users\cristian.tirziu\.stmcufinder\plugins\mcufinder
2023-07-17 09:23:56,188 [WARN] DbFile:41 - Overriding database path with different value: C:\Users\cristian.tirziu\.stmcufinder\plugins\mcufinder/ => C:\Users\cristian.tirziu\.stmcufinder\plugins\mcufinder
2023-07-17 09:23:56,188 [INFO] CrossReferenceDbSqlite:203 - Set database path to: C:\Users\cristian.tirziu\.stmcufinder\plugins\mcufinder//mcu/cs/
2023-07-17 09:23:56,208 [INFO] ApplicationProperties:184 - Using Application install path: C:\ST\STM32CubeIDE_1.12.1\STM32CubeIDE\plugins\com.st.stm32cube.common.mx_6.9.0.202307051724
2023-07-17 09:23:56,210 [INFO] PluginManage:196 - Search for loadable plugins [exclusion list=, ]
2023-07-17 09:23:56,211 [INFO] PluginManage:310 - Check plugin analytics
2023-07-17 09:23:56,436 [INFO] AnalyticsPlugin:253 - Accepted Software Licenses: 
2023-07-17 09:23:56,436 [INFO] AnalyticsPlugin:255 - Accepted CMSIS Pack Licenses: 
2023-07-17 09:23:56,436 [INFO] AnalyticsPlugin:257 - Accepted Firmware Licenses: 
2023-07-17 09:23:56,442 [INFO] PluginManage:359 - Loaded plugin analytics (category:tool,tabindex:-1)
2023-07-17 09:23:56,443 [INFO] PluginManage:310 - Check plugin cadmodel
2023-07-17 09:23:56,486 [INFO] CADModel:105 - Init CAD model plugin
2023-07-17 09:23:56,487 [INFO] PluginManage:359 - Loaded plugin cadmodel (category:power,tabindex:5)
2023-07-17 09:23:56,487 [INFO] PluginManage:310 - Check plugin clock
2023-07-17 09:23:56,534 [INFO] PluginManage:359 - Loaded plugin clock (category:base,tabindex:2)
2023-07-17 09:23:56,534 [INFO] PluginManage:310 - Check plugin ddr
2023-07-17 09:23:56,537 [INFO] PluginManage:359 - Loaded plugin ddr (category:tool,tabindex:6)
2023-07-17 09:23:56,537 [INFO] PluginManage:310 - Check plugin filemanager
2023-07-17 09:23:56,674 [INFO] PluginManage:359 - Loaded plugin filemanager (category:base,tabindex:10)
2023-07-17 09:23:56,675 [INFO] PluginManage:310 - Check plugin ipmanager
2023-07-17 09:23:56,684 [INFO] PluginManage:359 - Loaded plugin ipmanager (category:base,tabindex:5)
2023-07-17 09:23:56,684 [INFO] PluginManage:310 - Check plugin lpbam
2023-07-17 09:23:56,743 [INFO] PluginManage:359 - Loaded plugin lpbam (category:base,tabindex:0)
2023-07-17 09:23:56,743 [INFO] PluginManage:310 - Check plugin memorymap
2023-07-17 09:23:56,804 [INFO] PluginManage:359 - Loaded plugin memorymap (category:base,tabindex:4)
2023-07-17 09:23:56,804 [INFO] PluginManage:310 - Check plugin pinoutandconfiguration
2023-07-17 09:23:56,880 [INFO] PluginManage:359 - Loaded plugin pinoutandconfiguration (category:base,tabindex:1)
2023-07-17 09:23:56,880 [INFO] PluginManage:310 - Check plugin pinoutconfig
2023-07-17 09:23:57,061 [WARN] SupportedApi:132 - Cannot load RTOS API schema: s4s-elt-must-match.1: The content of 'definitions' must match (annotation?, (simpleType | complexType)?, (unique | key | keyref)*)). A problem was found starting at: attribute.
2023-07-17 09:23:57,228 [INFO] PluginManage:359 - Loaded plugin pinoutconfig (category:base,tabindex:0)
2023-07-17 09:23:57,228 [INFO] PluginManage:310 - Check plugin power
2023-07-17 09:23:57,276 [INFO] PluginManage:359 - Loaded plugin power (category:power,tabindex:4)
2023-07-17 09:23:57,277 [INFO] PluginManage:310 - Check plugin projectmanager
2023-07-17 09:23:57,291 [INFO] PluginManage:359 - Loaded plugin projectmanager (category:projectmanager,tabindex:3)
2023-07-17 09:23:57,292 [INFO] PluginManage:310 - Check plugin thirdparty
2023-07-17 09:23:57,506 [INFO] PluginManage:359 - Loaded plugin thirdparty (category:base,tabindex:-1)
2023-07-17 09:23:57,506 [WARN] IntegrityCheckThread:84 - waiting for thirdparty lock release [integrity check]
2023-07-17 09:23:57,506 [INFO] PluginManage:310 - Check plugin tools
2023-07-17 09:23:57,506 [INFO] IntegrityCheckThread:86 - entering critical section [integrity check]
2023-07-17 09:23:57,507 [INFO] ThirdPartyUpdaterWithRetryManager:70 - Updater plugin not ready yet. [1/15]
2023-07-17 09:23:57,513 [INFO] PluginManage:359 - Loaded plugin tools (category:base,tabindex:7)
2023-07-17 09:23:57,513 [INFO] PluginManage:310 - Check plugin tutovideos
2023-07-17 09:23:57,749 [INFO] PluginManage:359 - Loaded plugin tutovideos (category:base,tabindex:-1)
2023-07-17 09:23:57,749 [INFO] PluginManage:310 - Check plugin updater
2023-07-17 09:23:57,762 [INFO] PluginManage:359 - Loaded plugin updater (category:base,tabindex:12)
2023-07-17 09:23:57,763 [INFO] PluginManage:310 - Check plugin userauth
2023-07-17 09:23:57,769 [INFO] UserAuth:113 - Init User Auth plugin
2023-07-17 09:23:57,769 [INFO] PluginManage:359 - Loaded plugin userauth (category:base,tabindex:14)
2023-07-17 09:23:57,769 [INFO] PluginManage:283 - PluginManage : Loaded plugins [17]
2023-07-17 09:23:58,032 [INFO] PinOutPanel:1499 - setPackage(No Configuration,No Configuration)
2023-07-17 09:23:58,211 [INFO] CADModel:165 - CPN selected for project level
2023-07-17 09:23:58,212 [INFO] CADModel:114 - Register for checkConnection events
2023-07-17 09:23:58,240 [INFO] IPUIPlugin:80 - create IPUIPlugin
2023-07-17 09:23:58,240 [INFO] PluginManager:220 - loadIPPluginJar : add adc
2023-07-17 09:23:58,248 [INFO] IPUIPlugin:80 - create IPUIPlugin
2023-07-17 09:23:58,248 [INFO] PluginManager:220 - loadIPPluginJar : add aes
2023-07-17 09:23:58,255 [INFO] IPUIPlugin:80 - create IPUIPlugin
2023-07-17 09:23:58,255 [INFO] PluginManager:220 - loadIPPluginJar : add can
2023-07-17 09:23:58,260 [INFO] IPUIPlugin:80 - create IPUIPlugin
2023-07-17 09:23:58,260 [INFO] PluginManager:220 - loadIPPluginJar : add comp
2023-07-17 09:23:58,267 [INFO] IPUIPlugin:80 - create IPUIPlugin
2023-07-17 09:23:58,267 [INFO] PluginManager:220 - loadIPPluginJar : add cryp
2023-07-17 09:23:58,273 [INFO] IPUIPlugin:80 - create IPUIPlugin
2023-07-17 09:23:58,273 [INFO] PluginManager:220 - loadIPPluginJar : add dfsdm
2023-07-17 09:23:58,291 [INFO] IPUIPlugin:80 - create IPUIPlugin
2023-07-17 09:23:58,292 [INFO] PluginManager:220 - loadIPPluginJar : add dma
2023-07-17 09:23:58,298 [INFO] IPUIPlugin:80 - create IPUIPlugin
2023-07-17 09:23:58,298 [INFO] PluginManager:220 - loadIPPluginJar : add dma3
2023-07-17 09:23:58,303 [INFO] IPUIPlugin:80 - create IPUIPlugin
2023-07-17 09:23:58,303 [INFO] PluginManager:220 - loadIPPluginJar : add fatfs
2023-07-17 09:23:58,313 [INFO] IPUIPlugin:80 - create IPUIPlugin
2023-07-17 09:23:58,313 [INFO] PluginManager:220 - loadIPPluginJar : add fmc
2023-07-17 09:23:58,373 [INFO] IPUIPlugin:80 - create IPUIPlugin
2023-07-17 09:23:58,373 [INFO] PluginManager:220 - loadIPPluginJar : add freertos
2023-07-17 09:23:58,378 [INFO] IPUIPlugin:80 - create IPUIPlugin
2023-07-17 09:23:58,379 [INFO] PluginManager:220 - loadIPPluginJar : add genericplugin
2023-07-17 09:23:58,391 [INFO] IPUIPlugin:80 - create IPUIPlugin
2023-07-17 09:23:58,391 [INFO] PluginManager:220 - loadIPPluginJar : add gfxmmu
2023-07-17 09:23:58,413 [INFO] IPUIPlugin:80 - create IPUIPlugin
2023-07-17 09:23:58,414 [INFO] PluginManager:220 - loadIPPluginJar : add gic
2023-07-17 09:23:58,449 [INFO] IPUIPlugin:80 - create IPUIPlugin
2023-07-17 09:23:58,449 [INFO] PluginManager:220 - loadIPPluginJar : add gpio
2023-07-17 09:23:58,468 [INFO] IPUIPlugin:80 - create IPUIPlugin
2023-07-17 09:23:58,468 [INFO] PluginManager:220 - loadIPPluginJar : add gtzc
2023-07-17 09:23:58,476 [INFO] IPUIPlugin:80 - create IPUIPlugin
2023-07-17 09:23:58,476 [INFO] PluginManager:220 - loadIPPluginJar : add hash
2023-07-17 09:23:58,488 [INFO] IPUIPlugin:80 - create IPUIPlugin
2023-07-17 09:23:58,488 [INFO] PluginManager:220 - loadIPPluginJar : add i2c
2023-07-17 09:23:58,497 [INFO] IPUIPlugin:80 - create IPUIPlugin
2023-07-17 09:23:58,497 [INFO] PluginManager:220 - loadIPPluginJar : add i2s
2023-07-17 09:23:58,506 [INFO] IPUIPlugin:80 - create IPUIPlugin
2023-07-17 09:23:58,506 [INFO] PluginManager:220 - loadIPPluginJar : add i3c
2023-07-17 09:23:58,518 [INFO] IPUIPlugin:80 - create IPUIPlugin
2023-07-17 09:23:58,518 [INFO] PluginManager:220 - loadIPPluginJar : add ipddr
2023-07-17 09:23:58,540 [INFO] IPUIPlugin:80 - create IPUIPlugin
2023-07-17 09:23:58,540 [INFO] PluginManager:220 - loadIPPluginJar : add linkedlist
2023-07-17 09:23:58,550 [INFO] IPUIPlugin:80 - create IPUIPlugin
2023-07-17 09:23:58,550 [INFO] PluginManager:220 - loadIPPluginJar : add lorawan
2023-07-17 09:23:58,559 [INFO] IPUIPlugin:80 - create IPUIPlugin
2023-07-17 09:23:58,559 [INFO] PluginManager:220 - loadIPPluginJar : add ltdc
2023-07-17 09:23:58,603 [INFO] IPUIPlugin:80 - create IPUIPlugin
2023-07-17 09:23:58,603 [INFO] PluginManager:220 - loadIPPluginJar : add mdma
2023-07-17 09:23:58,634 [INFO] IPUIPlugin:80 - create IPUIPlugin
2023-07-17 09:23:58,634 [INFO] PluginManager:220 - loadIPPluginJar : add nvic
2023-07-17 09:23:58,643 [INFO] IPUIPlugin:80 - create IPUIPlugin
2023-07-17 09:23:58,643 [INFO] PluginManager:220 - loadIPPluginJar : add opamp
2023-07-17 09:23:58,656 [INFO] IPUIPlugin:80 - create IPUIPlugin
2023-07-17 09:23:58,656 [INFO] PluginManager:220 - loadIPPluginJar : add openamp
2023-07-17 09:23:58,666 [INFO] IPUIPlugin:80 - create IPUIPlugin
2023-07-17 09:23:58,666 [INFO] PluginManager:220 - loadIPPluginJar : add pdm2pcm
2023-07-17 09:23:58,698 [INFO] IPUIPlugin:80 - create IPUIPlugin
2023-07-17 09:23:58,701 [INFO] PluginManager:220 - loadIPPluginJar : add plateformsettings
2023-07-17 09:23:58,707 [INFO] IPUIPlugin:80 - create IPUIPlugin
2023-07-17 09:23:58,708 [INFO] PluginManager:220 - loadIPPluginJar : add quadspi
2023-07-17 09:23:58,790 [INFO] IPUIPlugin:80 - create IPUIPlugin
2023-07-17 09:23:58,790 [INFO] PluginManager:220 - loadIPPluginJar : add resmgrutility
2023-07-17 09:23:58,801 [INFO] IPUIPlugin:80 - create IPUIPlugin
2023-07-17 09:23:58,801 [INFO] PluginManager:220 - loadIPPluginJar : add sai
2023-07-17 09:23:58,811 [INFO] IPUIPlugin:80 - create IPUIPlugin
2023-07-17 09:23:58,811 [INFO] PluginManager:220 - loadIPPluginJar : add spi
2023-07-17 09:23:58,827 [INFO] IPUIPlugin:80 - create IPUIPlugin
2023-07-17 09:23:58,828 [INFO] PluginManager:220 - loadIPPluginJar : add stm32_wpan
2023-07-17 09:23:58,834 [INFO] IPUIPlugin:80 - create IPUIPlugin
2023-07-17 09:23:58,835 [INFO] PluginManager:220 - loadIPPluginJar : add tim
2023-07-17 09:23:58,847 [INFO] IPUIPlugin:80 - create IPUIPlugin
2023-07-17 09:23:58,847 [INFO] PluginManager:220 - loadIPPluginJar : add touchsensing
2023-07-17 09:23:58,853 [INFO] IPUIPlugin:80 - create IPUIPlugin
2023-07-17 09:23:58,853 [INFO] PluginManager:220 - loadIPPluginJar : add tracer_emb
2023-07-17 09:23:58,860 [INFO] IPUIPlugin:80 - create IPUIPlugin
2023-07-17 09:23:58,860 [INFO] PluginManager:220 - loadIPPluginJar : add ts
2023-07-17 09:23:58,867 [INFO] IPUIPlugin:80 - create IPUIPlugin
2023-07-17 09:23:58,867 [INFO] PluginManager:220 - loadIPPluginJar : add tsc
2023-07-17 09:23:58,874 [INFO] IPUIPlugin:80 - create IPUIPlugin
2023-07-17 09:23:58,875 [INFO] PluginManager:220 - loadIPPluginJar : add ucpd
2023-07-17 09:23:58,885 [INFO] IPUIPlugin:80 - create IPUIPlugin
2023-07-17 09:23:58,885 [INFO] PluginManager:220 - loadIPPluginJar : add usart
2023-07-17 09:23:58,900 [INFO] IPUIPlugin:80 - create IPUIPlugin
2023-07-17 09:23:58,901 [INFO] PluginManager:220 - loadIPPluginJar : add usbx
2023-07-17 09:23:59,063 [INFO] CADModel:165 - CPN selected for project level
2023-07-17 09:23:59,063 [INFO] CADModel:114 - Register for checkConnection events
2023-07-17 09:23:59,063 [FATAL] Updater:308 - Updater called before beeing initialized
2023-07-17 09:23:59,063 [ERROR] CADModel:125 - Updater not yet initialized, retry later 
2023-07-17 09:23:59,291 [INFO] CADModel:165 - CPN selected for project level
2023-07-17 09:23:59,291 [INFO] CADModel:114 - Register for checkConnection events
2023-07-17 09:23:59,291 [FATAL] Updater:308 - Updater called before beeing initialized
2023-07-17 09:23:59,292 [ERROR] CADModel:125 - Updater not yet initialized, retry later 
2023-07-17 09:23:59,296 [FATAL] Updater:308 - Updater called before beeing initialized
2023-07-17 09:23:59,490 [FATAL] Updater:308 - Updater called before beeing initialized
2023-07-17 09:23:59,505 [INFO] DbMcusAds:53 - JSON generation date=Thu Sep 30 09:55:09 EEST 2021 (1632984909247)
2023-07-17 09:23:59,506 [FATAL] Updater:308 - Updater called before beeing initialized
2023-07-17 09:23:59,577 [WARN] DetailPanel:346 - Failed to get advertising image, set to default
2023-07-17 09:23:59,770 [FATAL] Updater:308 - Updater called before beeing initialized
2023-07-17 09:23:59,772 [FATAL] Updater:308 - Updater called before beeing initialized
2023-07-17 09:23:59,773 [FATAL] Updater:308 - Updater called before beeing initialized
2023-07-17 09:23:59,773 [WARN] DetailPanel:346 - Failed to get advertising image, set to default
2023-07-17 09:23:59,774 [FATAL] Updater:308 - Updater called before beeing initialized
2023-07-17 09:23:59,868 [ERROR] Updater:1120 - MainUpdater not yet initialized. External WinMGr cannot be set.
2023-07-17 09:23:59,876 [INFO] Updater:1056 - Updater Version found : 6.9.0
2023-07-17 09:23:59,906 [INFO] ApplicationProperties:184 - Using Application install path: C:\ST\STM32CubeIDE_1.12.1\STM32CubeIDE\plugins\com.st.stm32cube.common.mx_6.9.0.202307051724
2023-07-17 09:24:00,419 [INFO] MainUpdater:2868 - connection check result : 10
2023-07-17 09:24:00,420 [INFO] MainUpdater:285 - Updater Check For Update Now.
2023-07-17 09:24:00,421 [INFO] MicroXplorer:498 - Change Database Version : DB.6.0.90
2023-07-17 09:24:00,434 [INFO] McuFinderGlobals:63 - Set McuFinder mode to 2 (CubeIDE integrated)
2023-07-17 09:24:00,435 [INFO] UserAuth:179 - activating auth plugin
2023-07-17 09:24:00,439 [INFO] UserAuth:393 - Internet connection configuration mode: 1
2023-07-17 09:24:00,478 [INFO] JxBrowserEngine:151 - Initiate JxBrowser Engine with user profile folder
2023-07-17 09:24:00,507 [WARN] MainUpdater:1189 - Updater busy. Cannot search thirdparties
2023-07-17 09:24:00,508 [INFO] ThirdPartyUpdaterWithRetryManager:96 - Updater plugin is busy. [1/15]
2023-07-17 09:24:00,723 [INFO] CheckServerUpdateThread:120 - End of CheckServer Thread
2023-07-17 09:24:03,108 [INFO] WebApp:157 - Instantiating new browser for Auth
2023-07-17 09:24:03,783 [WARN] PackLoader:240 - Cannot read IP mode file for STMicroelectronics.X-CUBE-GNSS1.6.0.0
2023-07-17 09:24:03,846 [WARN] PackLoader:240 - Cannot read IP mode file for STMicroelectronics.X-CUBE-AZRTOS-F4.1.1.0
2023-07-17 09:24:03,868 [WARN] PackLoader:240 - Cannot read IP mode file for STMicroelectronics.X-CUBE-SMBUS.2.1.0
2023-07-17 09:24:03,906 [WARN] PackLoader:240 - Cannot read IP mode file for STMicroelectronics.X-CUBE-AZRTOS-F7.1.1.0
2023-07-17 09:24:04,016 [WARN] PackLoader:240 - Cannot read IP mode file for STMicroelectronics.X-CUBE-MEMS1.9.6.0
2023-07-17 09:24:04,066 [INFO] WebApp:753 - Register for checkConnection events
2023-07-17 09:24:04,066 [INFO] WebApp:390 - Apply proxy settings
2023-07-17 09:24:04,066 [INFO] WebApp:475 - Chromium requires no authentication
2023-07-17 09:24:04,079 [INFO] WebApp:418 - Direct internet connection detected
2023-07-17 09:24:04,270 [WARN] PackLoader:240 - Cannot read IP mode file for STMicroelectronics.FP-SNS-MOTENV1.4.3.2
2023-07-17 09:24:04,281 [WARN] PackLoader:240 - Cannot read IP mode file for STMicroelectronics.FP-SNS-FLIGHT1.5.0.1
2023-07-17 09:24:04,291 [WARN] PackLoader:240 - Cannot read IP mode file for STMicroelectronics.X-CUBE-BLE1.6.2.4
2023-07-17 09:24:04,317 [WARN] PackLoader:240 - Cannot read IP mode file for STMicroelectronics.X-CUBE-BLEMGR.2.0.0
2023-07-17 09:24:04,378 [WARN] ConditionMgr:438 - getConditionDescription Invalid condition id : UX DEVICE CLASS RTOS Condition cause : null
2023-07-17 09:24:04,379 [WARN] ConditionMgr:438 - getConditionDescription Invalid condition id : UX DEVICE CLASS RTOS Condition cause : null
2023-07-17 09:24:04,386 [WARN] PackLoader:240 - Cannot read IP mode file for STMicroelectronics.X-CUBE-AZRTOS-H7.3.1.0
2023-07-17 09:24:04,388 [WARN] ConditionMgr:1039 - genDependencies : Invalid condition id : UX DEVICE CLASS RTOS Condition cause : null
2023-07-17 09:24:04,389 [WARN] ConditionMgr:1039 - genDependencies : Invalid condition id : UX DEVICE CLASS RTOS Condition cause : null
2023-07-17 09:24:04,390 [WARN] ConditionMgr:1039 - genDependencies : Invalid condition id : UX DEVICE CLASS RTOS Condition cause : null
2023-07-17 09:24:04,391 [WARN] ConditionMgr:1039 - genDependencies : Invalid condition id : UX DEVICE CLASS RTOS Condition cause : null
2023-07-17 09:24:04,391 [WARN] ConditionMgr:1039 - genDependencies : Invalid condition id : UX DEVICE CLASS RTOS Condition cause : null
2023-07-17 09:24:04,408 [WARN] PackLoader:240 - Cannot read IP mode file for STMicroelectronics.X-CUBE-DISPLAY.3.0.0
2023-07-17 09:24:04,427 [WARN] PackLoader:240 - Cannot read IP mode file for emotas.I-CUBE-CANOPEN.1.3.0
2023-07-17 09:24:04,438 [WARN] PackLoader:240 - Cannot read IP mode file for STMicroelectronics.X-CUBE-TOUCHGFX.4.22.0
2023-07-17 09:24:04,464 [WARN] PackLoader:240 - Cannot read IP mode file for STMicroelectronics.X-CUBE-NFC7.1.0.1
2023-07-17 09:24:04,481 [WARN] PackLoader:240 - Cannot read IP mode file for STMicroelectronics.X-CUBE-EEPRMA1.4.1.0
2023-07-17 09:24:04,498 [INFO] WebApp:188 - Starting web application
2023-07-17 09:24:04,498 [INFO] WebApp:520 - Web application path used C:\ST\STM32CubeIDE_1.12.1\STM32CubeIDE\plugins\com.st.stm32cube.common.mx_6.9.0.202307051724\db\plugins\mcufinder\reactClient1\index.html
2023-07-17 09:24:04,508 [INFO] LogOutputStream:77 - [STDOUT_REDIRECT] 1 : Invalid condition id : UX_CORESTACK_Condition cause : null
2023-07-17 09:24:04,509 [INFO] LogOutputStream:77 - [STDOUT_REDIRECT] 1 : Invalid condition id : UX_CORESTACK_Condition cause : null
2023-07-17 09:24:04,512 [INFO] LogOutputStream:77 - [STDOUT_REDIRECT] 1 : Invalid condition id : UX_CORESTACK_Condition cause : null
2023-07-17 09:24:04,518 [INFO] LogOutputStream:77 - [STDOUT_REDIRECT] 1 : Invalid condition id : UX_CORESTACK_Condition cause : null
2023-07-17 09:24:04,528 [INFO] LogOutputStream:77 - [STDOUT_REDIRECT] 1 : Invalid condition id : UX_CORESTACK_Condition cause : null
2023-07-17 09:24:04,537 [WARN] PackLoader:240 - Cannot read IP mode file for STMicroelectronics.X-CUBE-AZRTOS-WL.2.0.0
2023-07-17 09:24:04,586 [WARN] ConditionMgr:438 - getConditionDescription Invalid condition id : LAN8742 Phy interface Condition cause : null
2023-07-17 09:24:04,587 [WARN] PackLoader:240 - Cannot read IP mode file for STMicroelectronics.X-CUBE-AZRTOS-L4.2.0.0
2023-07-17 09:24:04,589 [WARN] ConditionMgr:1039 - genDependencies : Invalid condition id : LAN8742 Phy interface Condition cause : null
2023-07-17 09:24:04,590 [WARN] ConditionMgr:1039 - genDependencies : Invalid condition id : LAN8742 Phy interface Condition cause : null
2023-07-17 09:24:04,591 [WARN] ConditionMgr:1039 - genDependencies : Invalid condition id : LAN8742 Phy interface Condition cause : null
2023-07-17 09:24:04,607 [WARN] PackLoader:240 - Cannot read IP mode file for WES.I-CUBE-Cesium.1.3.0
2023-07-17 09:24:04,622 [WARN] PackLoader:240 - Cannot read IP mode file for STMicroelectronics.X-CUBE-SFXS2LP1.4.0.0
2023-07-17 09:24:04,633 [WARN] PackLoader:240 - Cannot read IP mode file for STMicroelectronics.X-CUBE-BLE2.3.3.0
2023-07-17 09:24:04,644 [WARN] PackLoader:240 - Cannot read IP mode file for STMicroelectronics.X-CUBE-ISPU.1.1.0
2023-07-17 09:24:04,654 [WARN] PackLoader:240 - Cannot read IP mode file for STMicroelectronics.X-CUBE-FREERTOS.1.0.1
2023-07-17 09:24:04,665 [WARN] PackLoader:240 - Cannot read IP mode file for STMicroelectronics.X-CUBE-ALGOBUILD.1.3.0
2023-07-17 09:24:04,699 [WARN] PackLoader:240 - Cannot read IP mode file for STMicroelectronics.X-CUBE-AZRTOS-L5.1.1.0
2023-07-17 09:24:04,759 [WARN] PackLoader:240 - Cannot read IP mode file for STMicroelectronics.X-CUBE-AZRTOS-G0.1.1.0
2023-07-17 09:24:04,771 [WARN] PackLoader:240 - Cannot read IP mode file for STMicroelectronics.X-CUBE-AI.8.0.1
2023-07-17 09:24:04,792 [WARN] PackLoader:240 - Cannot read IP mode file for STMicroelectronics.X-CUBE-SUBG2.5.0.0
2023-07-17 09:24:04,831 [WARN] PackLoader:240 - Cannot read IP mode file for STMicroelectronics.X-CUBE-NFC4.3.0.0
2023-07-17 09:24:04,856 [WARN] PackLoader:240 - Cannot read IP mode file for STMicroelectronics.X-CUBE-AZRTOS-G4.2.0.0
2023-07-17 09:24:04,884 [WARN] PackLoader:240 - Cannot read IP mode file for STMicroelectronics.X-CUBE-TOF1.3.3.0
2023-07-17 09:24:04,901 [WARN] PackLoader:240 - Cannot read IP mode file for STMicroelectronics.FP-ATR-SIGFOX1.3.2.0
2023-07-17 09:24:04,918 [WARN] PackLoader:240 - Cannot read IP mode file for portGmbH.I-Cube-SoM-uGOAL.1.1.0
2023-07-17 09:24:04,927 [WARN] PackLoader:240 - Cannot read IP mode file for STMicroelectronics.X-CUBE-ALS.1.0.1
2023-07-17 09:24:04,948 [WARN] PackLoader:240 - Cannot read IP mode file for STMicroelectronics.X-CUBE-AZRTOS-WB.1.1.0
2023-07-17 09:24:04,998 [WARN] PackLoader:240 - Cannot read IP mode file for SEGGER.I-CUBE-embOS.1.3.1
2023-07-17 09:24:05,048 [WARN] PackLoader:240 - Cannot read IP mode file for STMicroelectronics.FP-ATR-ASTRA1.2.0.0
2023-07-17 09:24:05,049 [INFO] ThirdParty:978 - Integrity check success = true
2023-07-17 09:24:05,049 [INFO] IntegrityCheckThread:100 - exiting critical section [integrity check]
2023-07-17 09:24:05,049 [INFO] IntegrityCheckThread:103 - End integrity checks thread
2023-07-17 09:24:25,751 [ERROR] LogOutputStream:75 - [STDERR_REDIRECT] SLF4J: Failed to load class "org.slf4j.impl.StaticLoggerBinder".
2023-07-17 09:24:25,752 [ERROR] LogOutputStream:75 - [STDERR_REDIRECT] SLF4J: Defaulting to no-operation (NOP) logger implementation
2023-07-17 09:24:25,754 [ERROR] LogOutputStream:75 - [STDERR_REDIRECT] SLF4J: See http://www.slf4j.org/codes.html#StaticLoggerBinder for further details.
